\BOOKMARK [0][-]{chapter*.1}{\376\377\000D\000e\000c\000l\000a\000r\000a\000t\000i\000o\000n}{}% 1
\BOOKMARK [0][-]{chapter.1}{\376\377\000B\000i\000o\000l\000o\000g\000i\000c\000a\000l\000\040\000B\000a\000c\000k\000g\000r\000o\000u\000n\000d}{}% 2
\BOOKMARK [1][-]{section.1.1}{\376\377\000C\000h\000r\000o\000m\000a\000t\000i\000n}{chapter.1}% 3
\BOOKMARK [1][-]{section.1.2}{\376\377\000C\000h\000e\000m\000i\000c\000a\000l\000\040\000h\000i\000s\000t\000o\000n\000e\000\040\000m\000o\000d\000i\000f\000i\000c\000a\000t\000i\000o\000n}{chapter.1}% 4
\BOOKMARK [1][-]{section.1.3}{\376\377\000B\000i\000v\000a\000l\000e\000n\000c\000y}{chapter.1}% 5
\BOOKMARK [0][-]{chapter.2}{\376\377\000T\000h\000e\000o\000r\000e\000t\000i\000c\000a\000l\000\040\000B\000a\000c\000k\000g\000r\000o\000u\000n\000d}{}% 6
\BOOKMARK [1][-]{section.2.1}{\376\377\000C\000h\000e\000m\000i\000c\000a\000l\000\040\000m\000a\000s\000t\000e\000r\000\040\000e\000q\000u\000a\000t\000i\000o\000n}{chapter.2}% 7
\BOOKMARK [1][-]{section.2.2}{\376\377\000D\000y\000n\000a\000m\000i\000c\000\040\000h\000i\000s\000t\000o\000n\000e\000\040\000P\000T\000M\000\040\000m\000o\000d\000e\000l\000s}{chapter.2}% 8
\BOOKMARK [1][-]{section.2.3}{\376\377\000S\000t\000o\000c\000h\000a\000s\000t\000i\000c\000\040\000s\000i\000m\000u\000l\000a\000t\000i\000o\000n\000\040\000a\000l\000g\000o\000r\000i\000t\000h\000m}{chapter.2}% 9
\BOOKMARK [1][-]{section.2.4}{\376\377\000E\000p\000i\000D\000y\000n\000a\000S\000T}{chapter.2}% 10
\BOOKMARK [2][-]{subsection.2.4.1}{\376\377\000C\000h\000r\000o\000m\000a\000t\000i\000n\000\040\000M\000o\000d\000e\000l}{section.2.4}% 11
\BOOKMARK [2][-]{subsection.2.4.2}{\376\377\000E\000n\000z\000y\000m\000e\000\040\000m\000o\000d\000e\000l}{section.2.4}% 12
\BOOKMARK [1][-]{section.2.5}{\376\377\000P\000r\000e\000v\000i\000o\000u\000s\000\040\000w\000o\000r\000k}{chapter.2}% 13
\BOOKMARK [2][-]{subsection.2.5.1}{\376\377\000M\000o\000n\000o\000s\000t\000a\000b\000l\000e\000\040\000s\000t\000a\000t\000e\000s}{section.2.5}% 14
\BOOKMARK [2][-]{subsection.2.5.2}{\376\377\000B\000i\000-\000\040\000a\000n\000d\000\040\000m\000u\000l\000t\000i\000s\000t\000a\000b\000l\000e\000\040\000s\000t\000a\000t\000e\000s}{section.2.5}% 15
\BOOKMARK [2][-]{subsection.2.5.3}{\376\377\000B\000i\000s\000t\000a\000b\000l\000e\000\040\000s\000w\000i\000t\000c\000h\000i\000n\000g}{section.2.5}% 16
\BOOKMARK [1][-]{section.2.6}{\376\377\000I\000m\000p\000a\000c\000t\000\040\000o\000f\000\040\000t\000h\000i\000s\000\040\000w\000o\000r\000k}{chapter.2}% 17
\BOOKMARK [0][-]{chapter.3}{\376\377\000M\000e\000t\000h\000o\000d\000s}{}% 18
\BOOKMARK [1][-]{section.3.1}{\376\377\000C\000h\000r\000o\000m\000a\000t\000i\000n\000\040\000S\000p\000e\000c\000i\000f\000i\000c\000a\000t\000i\000o\000n\000s}{chapter.3}% 19
\BOOKMARK [1][-]{section.3.2}{\376\377\000E\000n\000z\000y\000m\000e\000\040\000s\000p\000e\000c\000i\000f\000i\000c\000a\000t\000i\000o\000n\000s}{chapter.3}% 20
\BOOKMARK [2][-]{subsection.3.2.1}{\376\377\000E\000n\000z\000y\000m\000e\000\040\000t\000y\000p\000e\000s}{section.3.2}% 21
\BOOKMARK [2][-]{subsection.3.2.2}{\376\377\000E\000n\000z\000y\000m\000e\000\040\000r\000u\000l\000e\000\040\000s\000e\000t\000s}{section.3.2}% 22
\BOOKMARK [1][-]{section.3.3}{\376\377\000S\000i\000m\000u\000l\000a\000t\000i\000o\000n\000\040\000d\000e\000t\000a\000i\000l\000s}{chapter.3}% 23
\BOOKMARK [0][-]{chapter.4}{\376\377\000R\000e\000s\000u\000l\000t\000s}{}% 24
\BOOKMARK [1][-]{section.4.1}{\376\377\000B\000i\000s\000t\000a\000b\000i\000l\000i\000t\000y\000\040\000w\000i\000t\000h\000o\000u\000t\000\040\000c\000o\000o\000p\000e\000r\000a\000t\000i\000v\000e\000\040\000e\000n\000z\000y\000m\000e\000s}{chapter.4}% 25
\BOOKMARK [2][-]{subsection.4.1.1}{\376\377\000I\000n\000f\000l\000u\000e\000n\000c\000e\000\040\000o\000f\000\040\000n\000o\000i\000s\000e}{section.4.1}% 26
\BOOKMARK [2][-]{subsection.4.1.2}{\376\377\000B\000i\000s\000t\000a\000b\000i\000l\000i\000t\000y\000\040\000t\000h\000r\000o\000u\000g\000h\000\040\000i\000n\000d\000i\000r\000e\000c\000t\000\040\000c\000o\000o\000p\000e\000r\000a\000t\000i\000v\000i\000t\000y}{section.4.1}% 27
\BOOKMARK [1][-]{section.4.2}{\376\377\000D\000i\000r\000e\000c\000t\000\040\000c\000o\000o\000p\000e\000r\000a\000t\000i\000v\000i\000t\000y\000\040\000a\000n\000d\000\040\000b\000i\000s\000t\000a\000b\000i\000l\000i\000t\000y\000\040\000o\000n\000\040\000a\000\040\000n\000o\000n\000-\000c\000y\000c\000l\000i\000c\000\040\000s\000t\000r\000i\000n\000g}{chapter.4}% 28
\BOOKMARK [2][-]{subsection.4.2.1}{\376\377\000I\000m\000p\000a\000c\000t\000\040\000o\000f\000\040\000c\000o\000o\000p\000e\000r\000a\000t\000i\000v\000e\000\040\000e\000n\000z\000y\000m\000e\000s}{section.4.2}% 29
\BOOKMARK [2][-]{subsection.4.2.2}{\376\377\000B\000i\000s\000t\000a\000b\000l\000e\000\040\000s\000w\000i\000t\000c\000h\000i\000n\000g\000\040\000o\000n\000\040\000a\000\040\000n\000o\000n\000-\000c\000y\000c\000l\000i\000c\000\040\000s\000t\000r\000i\000n\000g}{section.4.2}% 30
\BOOKMARK [2][-]{subsection.4.2.3}{\376\377\000B\000i\000v\000a\000l\000e\000n\000t\000\040\000s\000w\000i\000t\000c\000h\000i\000n\000g\000\040\000o\000n\000\040\000a\000\040\000n\000o\000n\000-\000c\000y\000c\000l\000i\000c\000\040\000s\000t\000r\000i\000n\000g}{section.4.2}% 31
\BOOKMARK [1][-]{section.4.3}{\376\377\000B\000i\000s\000t\000a\000b\000l\000e\000\040\000s\000w\000i\000t\000c\000h\000i\000n\000g\000\040\000o\000n\000\040\000a\000\040\000c\000y\000c\000l\000i\000c\000\040\000s\000t\000r\000i\000n\000g}{chapter.4}% 32
\BOOKMARK [2][-]{subsection.4.3.1}{\376\377\000A\000c\000h\000i\000e\000v\000i\000n\000g\000\040\000b\000i\000s\000t\000a\000b\000l\000e\000\040\000s\000w\000i\000t\000c\000h\000i\000n\000g}{section.4.3}% 33
\BOOKMARK [2][-]{subsection.4.3.2}{\376\377\000L\000e\000n\000g\000t\000h\000\040\000o\000f\000\040\000m\000a\000c\000r\000o\000s\000t\000a\000t\000e\000s}{section.4.3}% 34
\BOOKMARK [2][-]{subsection.4.3.3}{\376\377\000E\000n\000z\000y\000m\000e\000\040\000c\000o\000n\000t\000r\000i\000b\000u\000t\000i\000o\000n\000s\000\040\000p\000e\000r\000\040\000m\000a\000c\000r\000o\000s\000t\000a\000t\000e}{section.4.3}% 35
\BOOKMARK [1][-]{section.4.4}{\376\377\000T\000h\000e\000\040\000b\000o\000u\000n\000d\000a\000r\000i\000e\000s\000\040\000o\000f\000\040\000b\000i\000s\000t\000a\000b\000i\000l\000i\000t\000y}{chapter.4}% 36
\BOOKMARK [2][-]{subsection.4.4.1}{\376\377\000I\000n\000f\000l\000u\000e\000n\000c\000e\000\040\000o\000f\000\040\000t\000h\000e\000\040\000d\000i\000s\000s\000o\000c\000i\000a\000t\000i\000o\000n\000\040\000r\000a\000t\000e}{section.4.4}% 37
\BOOKMARK [2][-]{subsection.4.4.2}{\376\377\000C\000o\000o\000p\000e\000r\000a\000t\000i\000v\000e\000\040\000e\000n\000z\000y\000m\000e\000\040\000r\000e\000a\000c\000h}{section.4.4}% 38
\BOOKMARK [0][-]{chapter.5}{\376\377\000D\000i\000s\000c\000u\000s\000s\000i\000o\000n}{}% 39
\BOOKMARK [1][-]{section.5.1}{\376\377\000F\000a\000c\000t\000o\000r\000s\000\040\000w\000h\000i\000c\000h\000\040\000i\000n\000f\000l\000u\000e\000n\000c\000e\000\040\000b\000i\000s\000t\000a\000b\000i\000l\000i\000t\000y}{chapter.5}% 40
\BOOKMARK [1][-]{section.5.2}{\376\377\000M\000e\000c\000h\000a\000n\000i\000s\000m\000s\000\040\000o\000f\000\040\000b\000i\000s\000t\000a\000b\000l\000e\000\040\000s\000w\000i\000t\000c\000h\000i\000n\000g}{chapter.5}% 41
\BOOKMARK [2][-]{subsection.5.2.1}{\376\377\000N\000o\000n\000-\000c\000y\000c\000l\000i\000c\000\040\000c\000a\000s\000e\000\040\000w\000i\000t\000h\000\040\000c\000o\000o\000p\000e\000r\000a\000t\000i\000v\000e\000\040\000r\000e\000m\000o\000v\000e\000r\000s}{section.5.2}% 42
\BOOKMARK [2][-]{subsection.5.2.2}{\376\377\000C\000y\000c\000l\000i\000c\000\040\000c\000a\000s\000e\000\040\000w\000i\000t\000h\000o\000u\000t\000\040\000c\000o\000o\000p\000e\000r\000a\000t\000i\000v\000e\000\040\000r\000e\000m\000o\000v\000e\000r\000s}{section.5.2}% 43
\BOOKMARK [0][-]{chapter.6}{\376\377\000O\000u\000t\000l\000o\000o\000k}{}% 44
\BOOKMARK [0][-]{appendix.A}{\376\377\000S\000p\000e\000c\000i\000f\000i\000c\000a\000t\000i\000o\000n\000s}{}% 45
\BOOKMARK [1][-]{section.A.1}{\376\377\000E\000x\000e\000m\000p\000l\000a\000r\000y\000\040\000E\000p\000i\000D\000y\000n\000a\000S\000T\000\040\000r\000u\000n\000\040\000f\000i\000l\000e\000s}{appendix.A}% 46
\BOOKMARK [2][-]{subsection.A.1.1}{\376\377\000S\000t\000a\000t\000e\000\040\000f\000i\000l\000e}{section.A.1}% 47
\BOOKMARK [2][-]{subsection.A.1.2}{\376\377\000R\000u\000l\000e\000\040\000f\000i\000l\000e}{section.A.1}% 48
\BOOKMARK [2][-]{subsection.A.1.3}{\376\377\000P\000a\000r\000a\000m\000\040\000f\000i\000l\000e}{section.A.1}% 49
\BOOKMARK [1][-]{section.A.2}{\376\377\000S\000u\000m\000m\000a\000r\000y\000\040\000o\000f\000\040\000e\000n\000z\000y\000m\000e\000\040\000t\000y\000p\000e\000s}{appendix.A}% 50
\BOOKMARK [0][-]{appendix.B}{\376\377\000A\000d\000d\000i\000t\000i\000o\000n\000a\000l\000\040\000r\000u\000n\000s}{}% 51
\BOOKMARK [1][-]{section.B.1}{\376\377\000A\000d\000d\000i\000t\000i\000o\000n\000a\000l\000\040\000r\000u\000n\000s\000\040\000f\000r\000o\000m\000\040\000s\000e\000c\000t\000i\000o\000n\000\040\0004\000.\0002}{appendix.B}% 52
\BOOKMARK [0][-]{appendix.C}{\376\377\000S\000o\000u\000r\000c\000e\000\040\000C\000o\000d\000e}{}% 53
\BOOKMARK [1][-]{section.C.1}{\376\377\000U\000s\000e\000d\000\040\000s\000o\000f\000t\000w\000a\000r\000e}{appendix.C}% 54
\BOOKMARK [1][-]{section.C.2}{\376\377\000D\000a\000t\000a\000\040\000a\000n\000d\000\040\000s\000c\000r\000i\000p\000t\000s}{appendix.C}% 55
\BOOKMARK [1][-]{section.C.3}{\376\377\000T\000h\000e\000s\000i\000s\000\040\000L\000a\000T\000e\000X\000\040\000c\000o\000d\000e}{appendix.C}% 56
\BOOKMARK [0][-]{appendix*.40}{\376\377\000R\000e\000f\000e\000r\000e\000n\000c\000e\000s}{}% 57
\BOOKMARK [1][-]{section*.41}{\376\377\000L\000i\000t\000e\000r\000a\000t\000u\000r\000e}{appendix*.40}% 58
