This is pdfTeX, Version 3.14159265-2.6-1.40.21 (MiKTeX 20.12) (preloaded format=pdflatex 2020.12.15)  21 APR 2021 13:54
entering extended mode
**e:/Users/mikre/Dropbox/MasterThesis/Thesis/main.tex
(e:/Users/mikre/Dropbox/MasterThesis/Thesis/main.tex
LaTeX2e <2020-10-01> patch level 2
L3 programming layer <2020-12-07> xparse <2020-03-03> (hgbthesis.cls
Document Class: hgbthesis 2020/03/03
("C:\Program Files\MiKTeX 2.9\tex/latex/xifthen\xifthen.sty"
Package: xifthen 2015/11/05 v1.4.0 Extended ifthen features
 ("C:\Program Files\MiKTeX 2.9\tex/latex/tools\calc.sty"
Package: calc 2017/05/25 v4.3 Infix arithmetic (KKT,FJ)
\calc@Acount=\count177
\calc@Bcount=\count178
\calc@Adimen=\dimen138
\calc@Bdimen=\dimen139
\calc@Askip=\skip47
\calc@Bskip=\skip48
LaTeX Info: Redefining \setlength on input line 80.
LaTeX Info: Redefining \addtolength on input line 81.
\calc@Ccount=\count179
\calc@Cskip=\skip49
) ("C:\Program Files\MiKTeX 2.9\tex/latex/base\ifthen.sty"
Package: ifthen 2014/09/29 v1.1c Standard LaTeX ifthen package (DPC)
) ("C:\Program Files\MiKTeX 2.9\tex/latex/ifmtarg\ifmtarg.sty"
Package: ifmtarg 2018/04/16 v1.2b check for an empty argument
)) ("C:\Program Files\MiKTeX 2.9\tex/generic/iftex\ifpdf.sty"
Package: ifpdf 2019/10/25 v3.4 ifpdf legacy package. Use iftex instead.
 ("C:\Program Files\MiKTeX 2.9\tex/generic/iftex\iftex.sty"
Package: iftex 2020/03/06 v1.0d TeX engine tests
)) ("C:\Program Files\MiKTeX 2.9\tex/latex/base\book.cls"
Document Class: book 2020/04/10 v1.4m Standard LaTeX document class
("C:\Program Files\MiKTeX 2.9\tex/latex/base\bk11.clo"
File: bk11.clo 2020/04/10 v1.4m Standard LaTeX file (size option)
)
\c@part=\count180
\c@chapter=\count181
\c@section=\count182
\c@subsection=\count183
\c@subsubsection=\count184
\c@paragraph=\count185
\c@subparagraph=\count186
\c@figure=\count187
\c@table=\count188
\abovecaptionskip=\skip50
\belowcaptionskip=\skip51
\bibindent=\dimen140
) ("C:\Program Files\MiKTeX 2.9\tex/latex/geometry\geometry.sty"
Package: geometry 2020/01/02 v5.9 Page Geometry
 ("C:\Program Files\MiKTeX 2.9\tex/latex/graphics\keyval.sty"
Package: keyval 2014/10/28 v1.15 key=value parser (DPC)
\KV@toks@=\toks15
) ("C:\Program Files\MiKTeX 2.9\tex/generic/iftex\ifvtex.sty"
Package: ifvtex 2019/10/25 v1.7 ifvtex legacy package. Use iftex instead.
)
\Gm@cnth=\count189
\Gm@cntv=\count190
\c@Gm@tempcnt=\count191
\Gm@bindingoffset=\dimen141
\Gm@wd@mp=\dimen142
\Gm@odd@mp=\dimen143
\Gm@even@mp=\dimen144
\Gm@layoutwidth=\dimen145
\Gm@layoutheight=\dimen146
\Gm@layouthoffset=\dimen147
\Gm@layoutvoffset=\dimen148
\Gm@dimlist=\toks16
 ("C:\Program Files\MiKTeX 2.9\tex/latex/geometry\geometry.cfg")) (hgb.sty
Package: hgb 2020/03/03

******************* hgb.sty (options=english,smartquotes,) ***********************
("C:\Program Files\MiKTeX 2.9\tex/latex/lm\lmodern.sty"
Package: lmodern 2009/10/30 v1.6 Latin Modern Fonts
LaTeX Font Info:    Overwriting symbol font `operators' in version `normal'
(Font)                  OT1/cmr/m/n --> OT1/lmr/m/n on input line 22.
LaTeX Font Info:    Overwriting symbol font `letters' in version `normal'
(Font)                  OML/cmm/m/it --> OML/lmm/m/it on input line 23.
LaTeX Font Info:    Overwriting symbol font `symbols' in version `normal'
(Font)                  OMS/cmsy/m/n --> OMS/lmsy/m/n on input line 24.
LaTeX Font Info:    Overwriting symbol font `largesymbols' in version `normal'
(Font)                  OMX/cmex/m/n --> OMX/lmex/m/n on input line 25.
LaTeX Font Info:    Overwriting symbol font `operators' in version `bold'
(Font)                  OT1/cmr/bx/n --> OT1/lmr/bx/n on input line 26.
LaTeX Font Info:    Overwriting symbol font `letters' in version `bold'
(Font)                  OML/cmm/b/it --> OML/lmm/b/it on input line 27.
LaTeX Font Info:    Overwriting symbol font `symbols' in version `bold'
(Font)                  OMS/cmsy/b/n --> OMS/lmsy/b/n on input line 28.
LaTeX Font Info:    Overwriting symbol font `largesymbols' in version `bold'
(Font)                  OMX/cmex/m/n --> OMX/lmex/m/n on input line 29.
LaTeX Font Info:    Overwriting math alphabet `\mathbf' in version `normal'
(Font)                  OT1/cmr/bx/n --> OT1/lmr/bx/n on input line 31.
LaTeX Font Info:    Overwriting math alphabet `\mathsf' in version `normal'
(Font)                  OT1/cmss/m/n --> OT1/lmss/m/n on input line 32.
LaTeX Font Info:    Overwriting math alphabet `\mathit' in version `normal'
(Font)                  OT1/cmr/m/it --> OT1/lmr/m/it on input line 33.
LaTeX Font Info:    Overwriting math alphabet `\mathtt' in version `normal'
(Font)                  OT1/cmtt/m/n --> OT1/lmtt/m/n on input line 34.
LaTeX Font Info:    Overwriting math alphabet `\mathbf' in version `bold'
(Font)                  OT1/cmr/bx/n --> OT1/lmr/bx/n on input line 35.
LaTeX Font Info:    Overwriting math alphabet `\mathsf' in version `bold'
(Font)                  OT1/cmss/bx/n --> OT1/lmss/bx/n on input line 36.
LaTeX Font Info:    Overwriting math alphabet `\mathit' in version `bold'
(Font)                  OT1/cmr/bx/it --> OT1/lmr/bx/it on input line 37.
LaTeX Font Info:    Overwriting math alphabet `\mathtt' in version `bold'
(Font)                  OT1/cmtt/m/n --> OT1/lmtt/m/n on input line 38.
) ("C:\Program Files\MiKTeX 2.9\tex/latex/cmap\cmap.sty"
Package: cmap 2008/03/06 v1.0h CMap support: searchable PDF
) ("C:\Program Files\MiKTeX 2.9\tex/latex/base\inputenc.sty"
Package: inputenc 2020/08/01 v1.3d Input encoding file
\inpenc@prehook=\toks17
\inpenc@posthook=\toks18
) ("C:\Program Files\MiKTeX 2.9\tex/latex/base\fontenc.sty"
Package: fontenc 2020/08/10 v2.0s Standard LaTeX package
LaTeX Font Info:    Trying to load font information for T1+lmr on input line 112.
 ("C:\Program Files\MiKTeX 2.9\tex/latex/lm\t1lmr.fd"
File: t1lmr.fd 2009/10/30 v1.6 Font defs for Latin Modern
)<<t1.cmap>>) ("C:\Program Files\MiKTeX 2.9\tex/generic/babel\babel.sty"
Package: babel 2020/10/27 3.51 The Babel package
 ("C:\Program Files\MiKTeX 2.9\tex/generic/babel\babel.def"
File: babel.def 2020/10/27 3.51 Babel common definitions
\babel@savecnt=\count192
\U@D=\dimen149
\l@babelnohyphens=\language83
 ("C:\Program Files\MiKTeX 2.9\tex/generic/babel\txtbabel.def")
\bbl@readstream=\read2
)
\bbl@dirlevel=\count193

*************************************
* Local config file bblopts.cfg used
*
("C:\Program Files\MiKTeX 2.9\tex/latex/arabi\bblopts.cfg"
File: bblopts.cfg 2005/09/08 v0.1 add Arabic and Farsi to "declared" options of babel
) ("C:\Program Files\MiKTeX 2.9\tex/latex/babel-german\ngerman.ldf"
Language: ngerman 2020/07/21 v2.12 German support for babel (post-1996 orthography)
 ("C:\Program Files\MiKTeX 2.9\tex/latex/babel-german\ngermanb.ldf"
Language: ngermanb 2020/07/21 v2.12 German support for babel (post-1996 orthography)
Package babel Info: Making " an active character on input line 121.
)) ("C:\Program Files\MiKTeX 2.9\tex/latex/babel-english\english.ldf"
Language: english 2017/06/06 v3.3r English support from the babel system
Package babel Info: \l@canadian = using hyphenrules for english
(babel)             (\language0) on input line 102.
Package babel Info: \l@australian = using hyphenrules for ukenglish
(babel)             (\language77) on input line 105.
Package babel Info: \l@newzealand = using hyphenrules for ukenglish
(babel)             (\language77) on input line 108.
) ("C:\Program Files\MiKTeX 2.9\tex/latex/babel-english\english.ldf"
Language: english 2017/06/06 v3.3r English support from the babel system
)) ("C:\Program Files\MiKTeX 2.9\tex/latex/csquotes\csquotes.sty"
Package: csquotes 2019-12-06 v5.2j context-sensitive quotations (JAW)
 ("C:\Program Files\MiKTeX 2.9\tex/latex/etoolbox\etoolbox.sty"
Package: etoolbox 2020/10/05 v2.5k e-TeX tools for LaTeX (JAW)
\etb@tempcnta=\count194
)
\csq@reset=\count195
\csq@gtype=\count196
\csq@glevel=\count197
\csq@qlevel=\count198
\csq@maxlvl=\count199
\csq@tshold=\count266
\csq@ltx@everypar=\toks19
 ("C:\Program Files\MiKTeX 2.9\tex/latex/csquotes\csquotes.def"
File: csquotes.def 2019-12-06 v5.2j csquotes generic definitions (JAW)
)
Package csquotes Info: Trying to load configuration file 'csquotes.cfg'...
Package csquotes Info: ... configuration file loaded successfully.
 ("C:\Program Files\MiKTeX 2.9\tex/latex/csquotes\csquotes.cfg"
File: csquotes.cfg 
)
Package csquotes Info: Enabling multilingual quotes.
Package csquotes Info: Redefining alias 'german' -> 'german/quotes'.
)
Package csquotes Info: Allocating character ".
 ("C:\Program Files\MiKTeX 2.9\tex/latex/xstring\xstring.sty" ("C:\Program Files\MiKTeX 2.9\tex/generic/xstring\xstring.tex"
\integerpart=\count267
\decimalpart=\count268
)
Package: xstring 2019/02/06 v1.83 String manipulations (CT)
) ("C:\Program Files\MiKTeX 2.9\tex/latex/datetime2\datetime2.sty"
Package: datetime2 2020/03/02 v1.5.6 (NLCT) date and time formats
 ("C:\Program Files\MiKTeX 2.9\tex/latex/tracklang\tracklang.sty"
Package: tracklang 2020/06/30 v1.5 (NLCT) Track Languages
 ("C:\Program Files\MiKTeX 2.9\tex/generic/tracklang\tracklang.tex")) ("C:\Program Files\MiKTeX 2.9\tex/latex/xkeyval\xkeyval.sty"
Package: xkeyval 2020/11/20 v2.8 package option processing (HA)
 ("C:\Program Files\MiKTeX 2.9\tex/generic/xkeyval\xkeyval.tex" ("C:\Program Files\MiKTeX 2.9\tex/generic/xkeyval\xkvutils.tex"
\XKV@toks=\toks20
\XKV@tempa@toks=\toks21
)
\XKV@depth=\count269
File: xkeyval.tex 2014/12/03 v2.7a key=value parser (HA)
)) ("C:\Program Files\MiKTeX 2.9\tex/latex/datetime2-english\datetime2-english.ldf"
File: datetime2-english.ldf 2019/10/21 v1.05 (NLCT)
 ("C:\Program Files\MiKTeX 2.9\tex/latex/datetime2-english\datetime2-english-base.ldf"
File: datetime2-english-base.ldf 2019/10/21 v1.05 (NLCT)
)) ("C:\Program Files\MiKTeX 2.9\tex/latex/datetime2-german\datetime2-german.ldf"
File: datetime2-german.ldf 2019/12/13 v3.0
 ("C:\Program Files\MiKTeX 2.9\tex/latex/datetime2-german\datetime2-german-base.ldf"
File: datetime2-german-base.ldf 2019/12/13 v3.0
 ("C:\Program Files\MiKTeX 2.9\tex/generic/iftex\ifxetex.sty"
Package: ifxetex 2019/10/25 v0.7 ifxetex legacy package. Use iftex instead.
) ("C:\Program Files\MiKTeX 2.9\tex/generic/iftex\ifluatex.sty"
Package: ifluatex 2019/10/25 v1.5 ifluatex legacy package. Use iftex instead.
) ("C:\Program Files\MiKTeX 2.9\tex/latex/datetime2-german\datetime2-german-base-ascii.ldf"
File: datetime2-german-base-ascii.ldf 2019/12/13 v3.0
))) ("C:\Program Files\MiKTeX 2.9\tex/latex/datetime2\datetime2-calc.sty"
Package: datetime2-calc 2020/03/02 v1.5.6 (NLCT)
 ("C:\Program Files\MiKTeX 2.9\tex/latex/pgf/utilities\pgfkeys.sty" ("C:\Program Files\MiKTeX 2.9\tex/generic/pgf/utilities\pgfkeys.code.tex"
\pgfkeys@pathtoks=\toks22
\pgfkeys@temptoks=\toks23
 ("C:\Program Files\MiKTeX 2.9\tex/generic/pgf/utilities\pgfkeysfiltered.code.tex"
\pgfkeys@tmptoks=\toks24
))) ("C:\Program Files\MiKTeX 2.9\tex/latex/pgf/utilities\pgfcalendar.sty" ("C:\Program Files\MiKTeX 2.9\tex/latex/pgf/utilities\pgfrcs.sty" ("C:\Program Files\MiKTeX 2.9\tex/generic/pgf/utilities\pgfutil-common.tex"
\pgfutil@everybye=\toks25
\pgfutil@tempdima=\dimen150
\pgfutil@tempdimb=\dimen151
 ("C:\Program Files\MiKTeX 2.9\tex/generic/pgf/utilities\pgfutil-common-lists.tex")) ("C:\Program Files\MiKTeX 2.9\tex/generic/pgf/utilities\pgfutil-latex.def"
\pgfutil@abb=\box47
) ("C:\Program Files\MiKTeX 2.9\tex/generic/pgf/utilities\pgfrcs.code.tex" ("C:\Program Files\MiKTeX 2.9\tex/generic/pgf\pgf.revision.tex")
Package: pgfrcs 2020/12/01 v3.1.7a (3.1.7a)
)) ("C:\Program Files\MiKTeX 2.9\tex/generic/pgf/utilities\pgfcalendar.code.tex"
File: pgfcalendar.code.tex 2020/12/01 v3.1.7a (3.1.7a)
 ("C:\Program Files\MiKTeX 2.9\tex/generic/pgf/math\pgfint.code.tex")
\pgfcalendarcurrentjulian=\count270
\pgf@cal@easter@Y=\count271
\pgf@cal@easter@G=\count272
\pgf@cal@easter@C=\count273
\pgf@cal@easter@X=\count274
\pgf@cal@easter@Z=\count275
\pgf@cal@easter@D=\count276
\pgf@cal@easter@E=\count277
\pgf@cal@easter@N=\count278
\pgf@cal@easter@M=\count279
\pgf@cal@easter@julianday=\count280
))
\@dtm@julianday=\count281
))
\c@hgbAgeLimit=\count282
\hgbAge=\count283


Package hagenberg-thesis Warning: 
**************************************************************** 
NOTE: 'hagenberg-thesis' is 414 days old - pls. check for updates 
at https://github.com/Digital-Media/HagenbergThesis 
**************************************************************** 
 on input line 100.

("C:\Program Files\MiKTeX 2.9\tex/latex/upquote\upquote.sty"
Package: upquote 2012/04/19 v1.3 upright-quote and grave-accent glyphs in verbatim
 ("C:\Program Files\MiKTeX 2.9\tex/latex/base\textcomp.sty"
Package: textcomp 2020/02/02 v2.0n Standard LaTeX package
)) ("C:\Program Files\MiKTeX 2.9\tex/latex/eurosym\eurosym.sty"
Package: eurosym 1998/08/06 v1.1 European currency symbol ``Euro''
\@eurobox=\box48
) ("C:\Program Files\MiKTeX 2.9\tex/latex/graphics\graphicx.sty"
Package: graphicx 2020/09/09 v1.2b Enhanced LaTeX Graphics (DPC,SPQR)
 ("C:\Program Files\MiKTeX 2.9\tex/latex/graphics\graphics.sty"
Package: graphics 2020/08/30 v1.4c Standard LaTeX Graphics (DPC,SPQR)
 ("C:\Program Files\MiKTeX 2.9\tex/latex/graphics\trig.sty"
Package: trig 2016/01/03 v1.10 sin cos tan (DPC)
) ("C:\Program Files\MiKTeX 2.9\tex/latex/graphics-cfg\graphics.cfg"
File: graphics.cfg 2016/06/04 v1.11 sample graphics configuration
)
Package graphics Info: Driver file: pdftex.def on input line 105.
 ("C:\Program Files\MiKTeX 2.9\tex/latex/graphics-def\pdftex.def"
File: pdftex.def 2020/10/05 v1.2a Graphics/color driver for pdftex
))
\Gin@req@height=\dimen152
\Gin@req@width=\dimen153
) ("C:\Program Files\MiKTeX 2.9\tex/latex/overpic\overpic.sty"
Package: overpic 2020/02/22 1.3 picture overlays (RN)
 ("C:\Program Files\MiKTeX 2.9\tex/latex/eepic\epic.sty"
Enhancements to Picture Environment. Version 1.2 - Released June 1, 1986
\@@multicnt=\count284
\d@lta=\count285
\@delta=\dimen154
\@@delta=\dimen155
\@gridcnt=\count286
\@joinkind=\count287
\@dotgap=\dimen156
\@ddotgap=\dimen157
\@x@diff=\count288
\@y@diff=\count289
\x@diff=\dimen158
\y@diff=\dimen159
\@dotbox=\box49
\num@segments=\count290
\num@segmentsi=\count291
\@datafile=\read3
)
\OVP@box=\box50
) ("C:\Program Files\MiKTeX 2.9\tex/latex/pict2e\pict2e.sty"
Package: pict2e 2020/09/30 v0.4b Improved picture commands (HjG,RN,JT)
 ("C:\Program Files\MiKTeX 2.9\tex/latex/pict2e\pict2e.cfg"
File: pict2e.cfg 2016/02/05 v0.1u pict2e configuration for teTeX/TeXLive
)
Package pict2e Info: Driver file: pdftex.def on input line 112.
Package pict2e Info: Driver file for pict2e: p2e-pdftex.def on input line 114.
 ("C:\Program Files\MiKTeX 2.9\tex/latex/pict2e\p2e-pdftex.def"
File: p2e-pdftex.def 2016/02/05 v0.1u Driver-dependant file (RN,HjG,JT)
)
\pIIe@GRAPH=\toks26
\@arclen=\dimen160
\@arcrad=\dimen161
\pIIe@tempdima=\dimen162
\pIIe@tempdimb=\dimen163
\pIIe@tempdimc=\dimen164
\pIIe@tempdimd=\dimen165
\pIIe@tempdime=\dimen166
\pIIe@tempdimf=\dimen167
) ("C:\Program Files\MiKTeX 2.9\tex/latex/xcolor\xcolor.sty"
Package: xcolor 2016/05/11 v2.12 LaTeX color extensions (UK)
 ("C:\Program Files\MiKTeX 2.9\tex/latex/graphics-cfg\color.cfg"
File: color.cfg 2016/01/02 v1.6 sample color configuration
)
Package xcolor Info: Driver file: pdftex.def on input line 225.
Package xcolor Info: Model `cmy' substituted by `cmy0' on input line 1348.
Package xcolor Info: Model `hsb' substituted by `rgb' on input line 1352.
Package xcolor Info: Model `RGB' extended on input line 1364.
Package xcolor Info: Model `HTML' substituted by `rgb' on input line 1366.
Package xcolor Info: Model `Hsb' substituted by `hsb' on input line 1367.
Package xcolor Info: Model `tHsb' substituted by `hsb' on input line 1368.
Package xcolor Info: Model `HSB' substituted by `hsb' on input line 1369.
Package xcolor Info: Model `Gray' substituted by `gray' on input line 1370.
Package xcolor Info: Model `wave' substituted by `hsb' on input line 1371.
) ("C:\Program Files\MiKTeX 2.9\tex/latex/url\url.sty"
\Urlmuskip=\muskip16
Package: url 2013/09/16  ver 3.4  Verb mode for urls, etc.
) ("C:\Program Files\MiKTeX 2.9\tex/latex/tools\verbatim.sty"
Package: verbatim 2019/11/10 v1.5r LaTeX2e package for verbatim enhancements
\every@verbatim=\toks27
\verbatim@line=\toks28
\verbatim@in@stream=\read4
) ("C:\Program Files\MiKTeX 2.9\tex/latex/moreverb\moreverb.sty"
Package: moreverb 2008/06/03 v2.3a `more' verbatim facilities
\tab@position=\count292
\tab@size=\count293
\listing@line=\count294
) ("C:\Program Files\MiKTeX 2.9\tex/latex/epstopdf-pkg\epstopdf.sty"
Package: epstopdf 2020-01-24 v2.11 Conversion with epstopdf on the fly (HO)
 ("C:\Program Files\MiKTeX 2.9\tex/generic/infwarerr\infwarerr.sty"
Package: infwarerr 2019/12/03 v1.5 Providing info/warning/error messages (HO)
) ("C:\Program Files\MiKTeX 2.9\tex/latex/grfext\grfext.sty"
Package: grfext 2019/12/03 v1.3 Manage graphics extensions (HO)
 ("C:\Program Files\MiKTeX 2.9\tex/generic/kvdefinekeys\kvdefinekeys.sty"
Package: kvdefinekeys 2019-12-19 v1.6 Define keys (HO)
)) ("C:\Program Files\MiKTeX 2.9\tex/latex/kvoptions\kvoptions.sty"
Package: kvoptions 2020-10-07 v3.14 Key value format for package options (HO)
 ("C:\Program Files\MiKTeX 2.9\tex/generic/ltxcmds\ltxcmds.sty"
Package: ltxcmds 2020-05-10 v1.25 LaTeX kernel commands for general use (HO)
) ("C:\Program Files\MiKTeX 2.9\tex/generic/kvsetkeys\kvsetkeys.sty"
Package: kvsetkeys 2019/12/15 v1.18 Key value parser (HO)
)) ("C:\Program Files\MiKTeX 2.9\tex/generic/pdftexcmds\pdftexcmds.sty"
Package: pdftexcmds 2020-06-27 v0.33 Utility functions of pdfTeX for LuaTeX (HO)
Package pdftexcmds Info: \pdf@primitive is available.
Package pdftexcmds Info: \pdf@ifprimitive is available.
Package pdftexcmds Info: \pdfdraftmode found.
) ("C:\Program Files\MiKTeX 2.9\tex/latex/epstopdf-pkg\epstopdf-base.sty"
Package: epstopdf-base 2020-01-24 v2.11 Base part for package epstopdf
Package epstopdf-base Info: Redefining graphics rule for `.eps' on input line 485.
Package grfext Info: Graphics extension search list:
(grfext)             [.pdf,.png,.jpg,.mps,.jpeg,.jbig2,.jb2,.PDF,.PNG,.JPG,.JPEG,.JBIG2,.JB2,.eps]
(grfext)             \AppendGraphicsExtensions on input line 504.
)) ("C:\Program Files\MiKTeX 2.9\tex/latex/hyperref\hyperref.sty"
Package: hyperref 2020-05-15 v7.00e Hypertext links for LaTeX
 ("C:\Program Files\MiKTeX 2.9\tex/generic/pdfescape\pdfescape.sty"
Package: pdfescape 2019/12/09 v1.15 Implements pdfTeX's escape features (HO)
) ("C:\Program Files\MiKTeX 2.9\tex/latex/hycolor\hycolor.sty"
Package: hycolor 2020-01-27 v1.10 Color options for hyperref/bookmark (HO)
) ("C:\Program Files\MiKTeX 2.9\tex/latex/letltxmacro\letltxmacro.sty"
Package: letltxmacro 2019/12/03 v1.6 Let assignment for LaTeX macros (HO)
) ("C:\Program Files\MiKTeX 2.9\tex/latex/auxhook\auxhook.sty"
Package: auxhook 2019-12-17 v1.6 Hooks for auxiliary files (HO)
)
\@linkdim=\dimen168
\Hy@linkcounter=\count295
\Hy@pagecounter=\count296
 ("C:\Program Files\MiKTeX 2.9\tex/latex/hyperref\pd1enc.def"
File: pd1enc.def 2020-05-15 v7.00e Hyperref: PDFDocEncoding definition (HO)
Now handling font encoding PD1 ...
... no UTF-8 mapping file for font encoding PD1
) ("C:\Program Files\MiKTeX 2.9\tex/generic/intcalc\intcalc.sty"
Package: intcalc 2019/12/15 v1.3 Expandable calculations with integers (HO)
) ("C:\Program Files\MiKTeX 2.9\tex/generic/etexcmds\etexcmds.sty"
Package: etexcmds 2019/12/15 v1.7 Avoid name clashes with e-TeX commands (HO)
)
\Hy@SavedSpaceFactor=\count297
Package hyperref Info: Option `unicode' set `true' on input line 4338.
 ("C:\Program Files\MiKTeX 2.9\tex/latex/hyperref\puenc.def"
File: puenc.def 2020-05-15 v7.00e Hyperref: PDF Unicode definition (HO)
Now handling font encoding PU ...
... no UTF-8 mapping file for font encoding PU
)
Package hyperref Info: Hyper figures OFF on input line 4464.
Package hyperref Info: Link nesting OFF on input line 4469.
Package hyperref Info: Hyper index ON on input line 4472.
Package hyperref Info: Plain pages OFF on input line 4479.
Package hyperref Info: Backreferencing OFF on input line 4484.
Package hyperref Info: Implicit mode ON; LaTeX internals redefined.
Package hyperref Info: Bookmarks ON on input line 4717.
\c@Hy@tempcnt=\count298
LaTeX Info: Redefining \url on input line 5076.
\XeTeXLinkMargin=\dimen169
 ("C:\Program Files\MiKTeX 2.9\tex/generic/bitset\bitset.sty"
Package: bitset 2019/12/09 v1.3 Handle bit-vector datatype (HO)
 ("C:\Program Files\MiKTeX 2.9\tex/generic/bigintcalc\bigintcalc.sty"
Package: bigintcalc 2019/12/15 v1.5 Expandable calculations on big integers (HO)
))
\Fld@menulength=\count299
\Field@Width=\dimen170
\Fld@charsize=\dimen171
Package hyperref Info: Hyper figures OFF on input line 6347.
Package hyperref Info: Link nesting OFF on input line 6352.
Package hyperref Info: Hyper index ON on input line 6355.
Package hyperref Info: backreferencing OFF on input line 6362.
Package hyperref Info: Link coloring OFF on input line 6367.
Package hyperref Info: Link coloring with OCG OFF on input line 6372.
Package hyperref Info: PDF/A mode OFF on input line 6377.
LaTeX Info: Redefining \ref on input line 6417.
LaTeX Info: Redefining \pageref on input line 6421.
 ("C:\Program Files\MiKTeX 2.9\tex/latex/base\atbegshi-ltx.sty"
Package: atbegshi-ltx 2020/08/17 v1.0a Emulation of the original atbegshi package
with kernel methods
)
\Hy@abspage=\count300
\c@Item=\count301
\c@Hfootnote=\count302
)
Package hyperref Info: Driver (autodetected): hpdftex.
 ("C:\Program Files\MiKTeX 2.9\tex/latex/hyperref\hpdftex.def"
File: hpdftex.def 2020-05-15 v7.00e Hyperref driver for pdfTeX
 ("C:\Program Files\MiKTeX 2.9\tex/latex/base\atveryend-ltx.sty"
Package: atveryend-ltx 2020/08/19 v1.0a Emulation of the original atvery package
with kernel methods
)
\Fld@listcount=\count303
\c@bookmark@seq@number=\count304
 ("C:\Program Files\MiKTeX 2.9\tex/latex/rerunfilecheck\rerunfilecheck.sty"
Package: rerunfilecheck 2019/12/05 v1.9 Rerun checks for auxiliary files (HO)
 ("C:\Program Files\MiKTeX 2.9\tex/generic/uniquecounter\uniquecounter.sty"
Package: uniquecounter 2019/12/15 v1.4 Provide unlimited unique counter (HO)
)
Package uniquecounter Info: New unique counter `rerunfilecheck' on input line 286.
)
\Hy@SectionHShift=\skip52
)
Package hyperref Info: Option `linktocpage' set `true' on input line 141.
Package hyperref Info: Option `colorlinks' set `false' on input line 141.
Package hyperref Info: Option `breaklinks' set `true' on input line 141.
 ("C:\Program Files\MiKTeX 2.9\tex/latex/oberdiek\hypcap.sty"
Package: hypcap 2016/05/16 v1.12 Adjusting the anchors of captions (HO)
) ("C:\Program Files\MiKTeX 2.9\tex/latex/float\float.sty"
Package: float 2001/11/08 v1.3d Float enhancements (AL)
\c@float@type=\count305
\float@exts=\toks29
\float@box=\box51
\@float@everytoks=\toks30
\@floatcapt=\box52
) ("C:\Program Files\MiKTeX 2.9\tex/latex/caption\caption.sty"
Package: caption 2020/10/26 v3.5g Customizing captions (AR)
 ("C:\Program Files\MiKTeX 2.9\tex/latex/caption\caption3.sty"
Package: caption3 2020/10/21 v2.2e caption3 kernel (AR)
\captionmargin=\dimen172
\captionmargin@=\dimen173
\captionwidth=\dimen174
\caption@tempdima=\dimen175
\caption@indent=\dimen176
\caption@parindent=\dimen177
\caption@hangindent=\dimen178
Package caption Info: Standard document class detected.
)
\c@caption@flags=\count306
\c@continuedfloat=\count307
Package caption Info: float package is loaded.
Package caption Info: hyperref package is loaded.
Package caption Info: hypcap package is loaded.
) ("C:\Program Files\MiKTeX 2.9\tex/latex/enumitem\enumitem.sty"
Package: enumitem 2019/06/20 v3.9 Customized lists
\labelindent=\skip53
\enit@outerparindent=\dimen179
\enit@toks=\toks31
\enit@inbox=\box53
\enit@count@id=\count308
\enitdp@description=\count309
) ("C:\Program Files\MiKTeX 2.9\tex/latex/koma-script\tocbasic.sty"
Package: tocbasic 2020/09/21 v3.32 KOMA-Script package (handling toc-files)
 ("C:\Program Files\MiKTeX 2.9\tex/latex/koma-script\scrbase.sty"
Package: scrbase 2020/09/21 v3.32 KOMA-Script package (KOMA-Script-independent basics and keyval usage)
 ("C:\Program Files\MiKTeX 2.9\tex/latex/koma-script\scrlfile.sty"
Package: scrlfile 2020/09/21 v3.32 KOMA-Script package (file load hooks)
 ("C:\Program Files\MiKTeX 2.9\tex/latex/koma-script\scrlfile-hook.sty"
Package: scrlfile-hook 2020/09/21 v3.32 KOMA-Script package (using LaTeX hooks)

LaTeX3 Info: Defining command \BeforeFile with sig. 'm' on line 61.


LaTeX3 Info: Defining command \AfterFile with sig. 'm' on line 65.


LaTeX3 Info: Defining command \BeforeClass with sig. 'm' on line 69.


LaTeX3 Info: Defining command \BeforePackage with sig. 'm' on line 73.


LaTeX3 Info: Defining command \AfterAtEndOfClass with sig. 'smo+m' on line 83.


LaTeX3 Info: Defining command \AfterAtEndOfPackage with sig. 'smo+m' on line
(LaTeX3)     93.


LaTeX3 Info: Defining command \scrlfile@AfterClass with sig. 'smo+m' on line
(LaTeX3)     173.


LaTeX3 Info: Defining command \AfterClass with sig. '' on line 174.


LaTeX3 Info: Defining command \scrlfile@AfterPackage with sig. 'smo+m' on line
(LaTeX3)     191.


LaTeX3 Info: Defining command \AfterPackage with sig. '' on line 192.


LaTeX3 Info: Defining command \ReplaceInput with sig. '' on line 193.


LaTeX3 Info: Defining command \ReplaceClass with sig. 'mm' on line 196.


LaTeX3 Info: Defining command \ReplacePackage with sig. 'mm' on line 199.


LaTeX3 Info: Defining command \UnReplaceInput with sig. '' on line 200.


LaTeX3 Info: Defining command \UnReplaceClass with sig. 'm' on line 203.


LaTeX3 Info: Defining command \UnReplacePackage with sig. 'mm' on line 206.


LaTeX3 Info: Defining command \PreventPackageFromLoading with sig. 's+om' on
(LaTeX3)     line 234.


LaTeX3 Info: Defining command \StorePreventPackageFromLoading with sig. 'm' on
(LaTeX3)     line 242.


LaTeX3 Info: Defining command \ResetPreventPackageFromLoading with sig. '' on
(LaTeX3)     line 247.


LaTeX3 Info: Defining command \UnPreventPackageFromLoading with sig. 'sm' on
(LaTeX3)     line 261.


LaTeX3 Info: Defining command \BeforeClosingMainAux with sig. 'om' on line
(LaTeX3)     274.


LaTeX3 Info: Defining command \AfterReadingMainAux with sig. 'om' on line 287.


LaTeX3 Info: Defining command \protected@immediate@write with sig. 'm+m+m' on
(LaTeX3)     line 298.

 ("C:\Program Files\MiKTeX 2.9\tex/latex/koma-script\scrlogo.sty"
Package: scrlogo 2020/09/21 v3.32 KOMA-Script package (logo)
))))
\scr@dte@tocline@numberwidth=\skip54
\scr@dte@tocline@numbox=\box54
)
\scr@dte@chapter@maxnumwidth=\skip55
\@float@every@program=\toks32
\c@program=\count310
 ("C:\Program Files\MiKTeX 2.9\tex/latex/pdfpages\pdfpages.sty"
Package: pdfpages 2020/01/28 v0.5q Insert pages of external PDF documents (AM)
 ("C:\Program Files\MiKTeX 2.9\tex/latex/eso-pic\eso-pic.sty"
Package: eso-pic 2020/10/14 v3.0a eso-pic (RN)
\ESO@tempdima=\dimen180
\ESO@tempdimb=\dimen181
)
\AM@pagewidth=\dimen182
\AM@pageheight=\dimen183
 ("C:\Program Files\MiKTeX 2.9\tex/latex/pdfpages\pppdftex.def"
File: pppdftex.def 2020/01/28 v0.5q Pdfpages driver for pdfTeX (AM)
)
\AM@pagebox=\box55
\AM@global@opts=\toks33
\AM@pagecnt=\count311
\AM@toc@title=\toks34
\c@AM@survey=\count312
\AM@templatesizebox=\box56
))
\c@@dayofsubmission=\count313
\c@@monthofsubmission=\count314
\c@@yearofsubmission=\count315
 (hgbmath.sty
Package: hgbmath 2020/03/03
 ("C:\Program Files\MiKTeX 2.9\tex/latex/amsmath\amsmath.sty"
Package: amsmath 2020/09/23 v2.17i AMS math features
\@mathmargin=\skip56

For additional information on amsmath, use the `?' option.
("C:\Program Files\MiKTeX 2.9\tex/latex/amsmath\amstext.sty"
Package: amstext 2000/06/29 v2.01 AMS text
 ("C:\Program Files\MiKTeX 2.9\tex/latex/amsmath\amsgen.sty"
File: amsgen.sty 1999/11/30 v2.0 generic functions
\@emptytoks=\toks35
\ex@=\dimen184
)) ("C:\Program Files\MiKTeX 2.9\tex/latex/amsmath\amsbsy.sty"
Package: amsbsy 1999/11/29 v1.2d Bold Symbols
\pmbraise@=\dimen185
) ("C:\Program Files\MiKTeX 2.9\tex/latex/amsmath\amsopn.sty"
Package: amsopn 2016/03/08 v2.02 operator names
)
\inf@bad=\count316
LaTeX Info: Redefining \frac on input line 234.
\uproot@=\count317
\leftroot@=\count318
LaTeX Info: Redefining \overline on input line 399.
\classnum@=\count319
\DOTSCASE@=\count320
LaTeX Info: Redefining \ldots on input line 496.
LaTeX Info: Redefining \dots on input line 499.
LaTeX Info: Redefining \cdots on input line 620.
\Mathstrutbox@=\box57
\strutbox@=\box58
\big@size=\dimen186
LaTeX Font Info:    Redeclaring font encoding OML on input line 743.
LaTeX Font Info:    Redeclaring font encoding OMS on input line 744.
\macc@depth=\count321
\c@MaxMatrixCols=\count322
\dotsspace@=\muskip17
\c@parentequation=\count323
\dspbrk@lvl=\count324
\tag@help=\toks36
\row@=\count325
\column@=\count326
\maxfields@=\count327
\andhelp@=\toks37
\eqnshift@=\dimen187
\alignsep@=\dimen188
\tagshift@=\dimen189
\tagwidth@=\dimen190
\totwidth@=\dimen191
\lineht@=\dimen192
\@envbody=\toks38
\multlinegap=\skip57
\multlinetaggap=\skip58
\mathdisplay@stack=\toks39
LaTeX Info: Redefining \[ on input line 2923.
LaTeX Info: Redefining \] on input line 2924.
) ("C:\Program Files\MiKTeX 2.9\tex/latex/amsfonts\amsfonts.sty"
Package: amsfonts 2013/01/14 v3.01 Basic AMSFonts support
\symAMSa=\mathgroup4
\symAMSb=\mathgroup5
LaTeX Font Info:    Redeclaring math symbol \hbar on input line 98.
LaTeX Font Info:    Overwriting math alphabet `\mathfrak' in version `bold'
(Font)                  U/euf/m/n --> U/euf/b/n on input line 106.
) ("C:\Program Files\MiKTeX 2.9\tex/latex/amsfonts\amssymb.sty"
Package: amssymb 2013/01/14 v3.01 AMS font symbols
) ("C:\Program Files\MiKTeX 2.9\tex/latex/subdepth\subdepth.sty"
Package: subdepth 2007/09/02 v0.1 Unify subscript depths
) ("C:\Program Files\MiKTeX 2.9\tex/latex/base\exscale.sty"
Package: exscale 2018/09/24 v2.1i Standard LaTeX package exscale
LaTeX Font Info:    Redeclaring symbol font `largesymbols' on input line 57.
LaTeX Font Info:    Overwriting symbol font `largesymbols' in version `normal'
(Font)                  OMX/lmex/m/n --> OMX/cmex/m/n on input line 57.
LaTeX Font Info:    Overwriting symbol font `largesymbols' in version `bold'
(Font)                  OMX/lmex/m/n --> OMX/cmex/m/n on input line 57.
\big@size=\dimen193
)) (hgbalgo.sty
Package: hgbalgo 2020/03/03
 ("C:\Program Files\MiKTeX 2.9\tex/latex/algorithmicx\algpseudocode.sty"
Package: algpseudocode 
 ("C:\Program Files\MiKTeX 2.9\tex/latex/algorithmicx\algorithmicx.sty"
Package: algorithmicx 2005/04/27 v1.2 Algorithmicx

Document Style algorithmicx 1.2 - a greatly improved `algorithmic' style
\c@ALG@line=\count328
\c@ALG@rem=\count329
\c@ALG@nested=\count330
\ALG@tlm=\skip59
\ALG@thistlm=\skip60
\c@ALG@Lnr=\count331
\c@ALG@blocknr=\count332
\c@ALG@storecount=\count333
\c@ALG@tmpcounter=\count334
\ALG@tmplength=\skip61
)
Document Style - pseudocode environments for use with the `algorithmicx' style
)
\@AlgTmpIndent=\skip62
 ("C:\Program Files\MiKTeX 2.9\tex/latex/algorithms\algorithm.sty"
Package: algorithm 2009/08/24 v0.1 Document Style `algorithm' - floating environment
\@float@every@algorithm=\toks40
\c@algorithm=\count335
)) (hgbheadings.sty
Package: hgbheadings 2020/03/03
 ("C:\Program Files\MiKTeX 2.9\tex/latex/fancyhdr\fancyhdr.sty"
Package: fancyhdr 2019/01/31 v3.10 Extensive control of page headers and footers
\f@nch@headwidth=\skip63
\f@nch@O@elh=\skip64
\f@nch@O@erh=\skip65
\f@nch@O@olh=\skip66
\f@nch@O@orh=\skip67
\f@nch@O@elf=\skip68
\f@nch@O@erf=\skip69
\f@nch@O@olf=\skip70
\f@nch@O@orf=\skip71
) ("C:\Program Files\MiKTeX 2.9\tex/latex/titlesec\titlesec.sty"
Package: titlesec 2019/10/16 v2.13 Sectioning titles
\ttl@box=\box59
\beforetitleunit=\skip72
\aftertitleunit=\skip73
\ttl@plus=\dimen194
\ttl@minus=\dimen195
\ttl@toksa=\toks41
\titlewidth=\dimen196
\titlewidthlast=\dimen197
\titlewidthfirst=\dimen198
)) (hgbabbrev.sty
Package: hgbabbrev 2020/03/03
 ("C:\Program Files\MiKTeX 2.9\tex/latex/tools\xspace.sty"
Package: xspace 2014/10/28 v1.13 Space after command names (DPC,MH)
)) (hgblistings.sty
Package: hgblistings 2020/03/03
 ("C:\Program Files\MiKTeX 2.9\tex/latex/listingsutf8\listingsutf8.sty"
Package: listingsutf8 2019-12-10 v1.5 Allow UTF-8 in listings input (HO)
 ("C:\Program Files\MiKTeX 2.9\tex/latex/listings\listings.sty"
\lst@mode=\count336
\lst@gtempboxa=\box60
\lst@token=\toks42
\lst@length=\count337
\lst@currlwidth=\dimen199
\lst@column=\count338
\lst@pos=\count339
\lst@lostspace=\dimen256
\lst@width=\dimen257
\lst@newlines=\count340
\lst@lineno=\count341
\lst@maxwidth=\dimen258
 ("C:\Program Files\MiKTeX 2.9\tex/latex/listings\lstmisc.sty"
File: lstmisc.sty 2020/03/24 1.8d (Carsten Heinz)
\c@lstnumber=\count342
\lst@skipnumbers=\count343
\lst@framebox=\box61
) ("C:\Program Files\MiKTeX 2.9\tex/latex/listings\listings.cfg"
File: listings.cfg 2020/03/24 1.8d listings configuration
))
Package: listings 2020/03/24 1.8d (Carsten Heinz)
 ("C:\Program Files\MiKTeX 2.9\tex/generic/stringenc\stringenc.sty"
Package: stringenc 2019/11/29 v1.12 Convert strings between diff. encodings (HO)
))) (hgbbib.sty
Package: hgbbib 2020/03/03
 ("C:\Program Files\MiKTeX 2.9\tex/latex/biblatex\biblatex.sty"
Package: biblatex 2020/08/23 v3.15a programmable bibliographies (PK/MW)
 ("C:\Program Files\MiKTeX 2.9\tex/latex/logreq\logreq.sty"
Package: logreq 2010/08/04 v1.0 xml request logger
\lrq@indent=\count344
 ("C:\Program Files\MiKTeX 2.9\tex/latex/logreq\logreq.def"
File: logreq.def 2010/08/04 v1.0 logreq spec v1.0
))
\c@tabx@nest=\count345
\c@listtotal=\count346
\c@listcount=\count347
\c@liststart=\count348
\c@liststop=\count349
\c@citecount=\count350
\c@citetotal=\count351
\c@multicitecount=\count352
\c@multicitetotal=\count353
\c@instcount=\count354
\c@maxnames=\count355
\c@minnames=\count356
\c@maxitems=\count357
\c@minitems=\count358
\c@citecounter=\count359
\c@maxcitecounter=\count360
\c@savedcitecounter=\count361
\c@uniquelist=\count362
\c@uniquename=\count363
\c@refsection=\count364
\c@refsegment=\count365
\c@maxextratitle=\count366
\c@maxextratitleyear=\count367
\c@maxextraname=\count368
\c@maxextradate=\count369
\c@maxextraalpha=\count370
\c@abbrvpenalty=\count371
\c@highnamepenalty=\count372
\c@lownamepenalty=\count373
\c@maxparens=\count374
\c@parenlevel=\count375
\blx@tempcnta=\count376
\blx@tempcntb=\count377
\blx@tempcntc=\count378
\blx@maxsection=\count379
\blx@maxsegment@0=\count380
\blx@notetype=\count381
\blx@parenlevel@text=\count382
\blx@parenlevel@foot=\count383
\blx@sectionciteorder@0=\count384
\blx@entrysetcounter=\count385
\blx@biblioinstance=\count386
\labelnumberwidth=\skip74
\labelalphawidth=\skip75
\biblabelsep=\skip76
\bibitemsep=\skip77
\bibnamesep=\skip78
\bibinitsep=\skip79
\bibparsep=\skip80
\bibhang=\skip81
\blx@bcfin=\read5
\blx@bcfout=\write3
\blx@langwohyphens=\language84
\c@mincomprange=\count387
\c@maxcomprange=\count388
\c@mincompwidth=\count389
Package biblatex Info: Trying to load biblatex default data model...
Package biblatex Info: ... file 'blx-dm.def' found.
 ("C:\Program Files\MiKTeX 2.9\tex/latex/biblatex\blx-dm.def"
File: blx-dm.def 2020/08/23 v3.15a biblatex localization (PK/MW)
)
Package biblatex Info: Trying to load biblatex style data model...
Package biblatex Info: ... file 'numeric-comp.dbx' not found.
Package biblatex Info: Trying to load biblatex custom data model...
Package biblatex Info: ... file 'biblatex-dm.cfg' not found.
\c@afterword=\count390
\c@savedafterword=\count391
\c@annotator=\count392
\c@savedannotator=\count393
\c@author=\count394
\c@savedauthor=\count395
\c@bookauthor=\count396
\c@savedbookauthor=\count397
\c@commentator=\count398
\c@savedcommentator=\count399
\c@editor=\count400
\c@savededitor=\count401
\c@editora=\count402
\c@savededitora=\count403
\c@editorb=\count404
\c@savededitorb=\count405
\c@editorc=\count406
\c@savededitorc=\count407
\c@foreword=\count408
\c@savedforeword=\count409
\c@holder=\count410
\c@savedholder=\count411
\c@introduction=\count412
\c@savedintroduction=\count413
\c@namea=\count414
\c@savednamea=\count415
\c@nameb=\count416
\c@savednameb=\count417
\c@namec=\count418
\c@savednamec=\count419
\c@translator=\count420
\c@savedtranslator=\count421
\c@shortauthor=\count422
\c@savedshortauthor=\count423
\c@shorteditor=\count424
\c@savedshorteditor=\count425
\c@labelname=\count426
\c@savedlabelname=\count427
\c@institution=\count428
\c@savedinstitution=\count429
\c@lista=\count430
\c@savedlista=\count431
\c@listb=\count432
\c@savedlistb=\count433
\c@listc=\count434
\c@savedlistc=\count435
\c@listd=\count436
\c@savedlistd=\count437
\c@liste=\count438
\c@savedliste=\count439
\c@listf=\count440
\c@savedlistf=\count441
\c@location=\count442
\c@savedlocation=\count443
\c@organization=\count444
\c@savedorganization=\count445
\c@origlocation=\count446
\c@savedoriglocation=\count447
\c@origpublisher=\count448
\c@savedorigpublisher=\count449
\c@publisher=\count450
\c@savedpublisher=\count451
\c@language=\count452
\c@savedlanguage=\count453
\c@origlanguage=\count454
\c@savedoriglanguage=\count455
\c@pageref=\count456
\c@savedpageref=\count457
\shorthandwidth=\skip82
\shortjournalwidth=\skip83
\shortserieswidth=\skip84
\shorttitlewidth=\skip85
\shortauthorwidth=\skip86
\shorteditorwidth=\skip87
\locallabelnumberwidth=\skip88
\locallabelalphawidth=\skip89
\localshorthandwidth=\skip90
\localshortjournalwidth=\skip91
\localshortserieswidth=\skip92
\localshorttitlewidth=\skip93
\localshortauthorwidth=\skip94
\localshorteditorwidth=\skip95
Package biblatex Info: Trying to load compatibility code...
Package biblatex Info: ... file 'blx-compat.def' found.
 ("C:\Program Files\MiKTeX 2.9\tex/latex/biblatex\blx-compat.def"
File: blx-compat.def 2020/08/23 v3.15a biblatex compatibility (PK/MW)
) ("C:\Program Files\MiKTeX 2.9\tex/latex/l3kernel\expl3.sty"
Package: expl3 2020-12-07 L3 programming layer (loader) 
 ("C:\Program Files\MiKTeX 2.9\tex/latex/l3backend\l3backend-pdftex.def"
File: l3backend-pdftex.def 2020-09-24 L3 backend support: PDF output (pdfTeX)
\l__kernel_color_stack_int=\count458
\l__pdf_internal_box=\box62
))
Package biblatex Info: expl3
(biblatex)             2020-12-07 L3 programming layer (loader) 
(biblatex)             is new enough (at least 2020/04/06),
(biblatex)             setting 'casechanger=expl3'.
Package biblatex Info: Trying to load expl3 case changing code...
Package biblatex Info: ... file 'blx-case-expl3.def' found.
 ("C:\Program Files\MiKTeX 2.9\tex/latex/biblatex\blx-case-expl3.def" ("C:\Program Files\MiKTeX 2.9\tex/latex/l3packages/xparse\xparse.sty"
Package: xparse 2020-10-27 L3 Experimental document command parser
 ("C:\Program Files\MiKTeX 2.9\tex/latex/l3packages/xparse\xparse-generic.tex"))
File: blx-case-expl3 2020/08/23 v3.15a expl3 case changing code for biblatex
)
Package biblatex Info: Trying to load generic definitions...
Package biblatex Info: ... file 'biblatex.def' found.
 ("C:\Program Files\MiKTeX 2.9\tex/latex/biblatex\biblatex.def"
File: biblatex.def 2020/08/23 v3.15a biblatex compatibility (PK/MW)
\c@textcitecount=\count459
\c@textcitetotal=\count460
\c@textcitemaxnames=\count461
\c@biburlbigbreakpenalty=\count462
\c@biburlbreakpenalty=\count463
\c@biburlnumpenalty=\count464
\c@biburlucpenalty=\count465
\c@biburllcpenalty=\count466
\biburlbigskip=\muskip18
\biburlnumskip=\muskip19
\biburlucskip=\muskip20
\biburllcskip=\muskip21
\c@smartand=\count467
)
Package biblatex Info: Trying to load bibliography style 'numeric-comp'...
Package biblatex Info: ... file 'numeric-comp.bbx' found.
 ("C:\Program Files\MiKTeX 2.9\tex/latex/biblatex/bbx\numeric-comp.bbx"
File: numeric-comp.bbx 2020/08/23 v3.15a biblatex bibliography style (PK/MW)
Package biblatex Info: Trying to load bibliography style 'numeric'...
Package biblatex Info: ... file 'numeric.bbx' found.
 ("C:\Program Files\MiKTeX 2.9\tex/latex/biblatex/bbx\numeric.bbx"
File: numeric.bbx 2020/08/23 v3.15a biblatex bibliography style (PK/MW)
Package biblatex Info: Trying to load bibliography style 'standard'...
Package biblatex Info: ... file 'standard.bbx' found.
 ("C:\Program Files\MiKTeX 2.9\tex/latex/biblatex/bbx\standard.bbx"
File: standard.bbx 2020/08/23 v3.15a biblatex bibliography style (PK/MW)
\c@bbx:relatedcount=\count468
\c@bbx:relatedtotal=\count469
)))
Package biblatex Info: Trying to load citation style 'numeric-comp'...
Package biblatex Info: ... file 'numeric-comp.cbx' found.
 ("C:\Program Files\MiKTeX 2.9\tex/latex/biblatex/cbx\numeric-comp.cbx"
File: numeric-comp.cbx 2020/08/23 v3.15a biblatex citation style (PK/MW)
\c@cbx@tempcnta=\count470
\c@cbx@tempcntb=\count471
\c@cbx@tempcntc=\count472
\c@cbx@tempcntd=\count473
Package biblatex Info: Redefining '\cite'.
Package biblatex Info: Redefining '\parencite'.
Package biblatex Info: Redefining '\footcite'.
Package biblatex Info: Redefining '\footcitetext'.
Package biblatex Info: Redefining '\smartcite'.
Package biblatex Info: Redefining '\supercite'.
Package biblatex Info: Redefining '\textcite'.
Package biblatex Info: Redefining '\textcites'.
Package biblatex Info: Redefining '\cites'.
Package biblatex Info: Redefining '\parencites'.
Package biblatex Info: Redefining '\smartcites'.
)
Package biblatex Info: Trying to load configuration file...
Package biblatex Info: ... file 'biblatex.cfg' found.
 ("C:\Program Files\MiKTeX 2.9\tex/latex/biblatex\biblatex.cfg"
File: biblatex.cfg 
)))) ("C:\Program Files\MiKTeX 2.9\tex/latex/mhchem\mhchem.sty"
Package: mhchem 2018/06/22 v4.08 for typesetting chemical formulae
 ("C:\Program Files\MiKTeX 2.9\tex/latex/l3packages/l3keys2e\l3keys2e.sty"
Package: l3keys2e 2020-10-27 LaTeX2e option processing using LaTeX3 keys
) ("C:\Program Files\MiKTeX 2.9\tex/latex/chemgreek\chemgreek.sty"
Package: chemgreek 2020/01/16 v1.1a interface for upright Greek letters for use in chemistry (CN)
\l__chemgreek_tmpa_int=\count474
\g__chemgreek_tmpa_int=\count475
)
\l__mhchem_ce_distanceFromLastComma_int=\count476
\__mhchem_arrow_extPgfLength_skip=\skip96
\mhchem@minispace@tmp=\skip97
\mhchem@minibackspace@tmp=\skip98
\mhchem@bondwidth=\skip99
\mhchem@bondheight=\skip100
\mhchem@smallbondwidth@tmpA=\skip101
\mhchem@smallbondwidth@tmpB=\skip102
\mhchem@smallbondwidth=\skip103
\mhchem@bondtmp@minussidebearingleft=\skip104
\mhchem@bondtmp@minussidebearingright=\skip105
\l__mhchem_option_version_int=\count477
\mhchem@option@minusmathsidebearingleft=\dimen259
\mhchem@option@minusmathsidebearingright=\dimen260
\mhchem@option@minustextsidebearingleft=\dimen261
\mhchem@option@minustextsidebearingright=\dimen262
) ("C:\Program Files\MiKTeX 2.9\tex/latex/mol2chemfig\mol2chemfig.sty"
Package: mol2chemfig 2019/11/24 v1.5
 ("C:\Program Files\MiKTeX 2.9\tex/latex/chemfig\chemfig.sty" ("C:\Program Files\MiKTeX 2.9\tex/latex/pgf/frontendlayer\tikz.sty" ("C:\Program Files\MiKTeX 2.9\tex/latex/pgf/basiclayer\pgf.sty"
Package: pgf 2020/12/01 v3.1.7a (3.1.7a)
 ("C:\Program Files\MiKTeX 2.9\tex/latex/pgf/basiclayer\pgfcore.sty" ("C:\Program Files\MiKTeX 2.9\tex/latex/pgf/systemlayer\pgfsys.sty" ("C:\Program Files\MiKTeX 2.9\tex/generic/pgf/systemlayer\pgfsys.code.tex"
Package: pgfsys 2020/12/01 v3.1.7a (3.1.7a)
 ("C:\Program Files\MiKTeX 2.9\tex/generic/pgf/utilities\pgfkeys.code.tex")
\pgf@x=\dimen263
\pgf@y=\dimen264
\pgf@xa=\dimen265
\pgf@ya=\dimen266
\pgf@xb=\dimen267
\pgf@yb=\dimen268
\pgf@xc=\dimen269
\pgf@yc=\dimen270
\pgf@xd=\dimen271
\pgf@yd=\dimen272
\w@pgf@writea=\write4
\r@pgf@reada=\read6
\c@pgf@counta=\count478
\c@pgf@countb=\count479
\c@pgf@countc=\count480
\c@pgf@countd=\count481
\t@pgf@toka=\toks43
\t@pgf@tokb=\toks44
\t@pgf@tokc=\toks45
\pgf@sys@id@count=\count482
 ("C:\Program Files\MiKTeX 2.9\tex/generic/pgf/systemlayer\pgf.cfg"
File: pgf.cfg 2020/12/01 v3.1.7a (3.1.7a)
)
Driver file for pgf: pgfsys-pdftex.def
 ("C:\Program Files\MiKTeX 2.9\tex/generic/pgf/systemlayer\pgfsys-pdftex.def"
File: pgfsys-pdftex.def 2020/12/01 v3.1.7a (3.1.7a)
 ("C:\Program Files\MiKTeX 2.9\tex/generic/pgf/systemlayer\pgfsys-common-pdf.def"
File: pgfsys-common-pdf.def 2020/12/01 v3.1.7a (3.1.7a)
))) ("C:\Program Files\MiKTeX 2.9\tex/generic/pgf/systemlayer\pgfsyssoftpath.code.tex"
File: pgfsyssoftpath.code.tex 2020/12/01 v3.1.7a (3.1.7a)
\pgfsyssoftpath@smallbuffer@items=\count483
\pgfsyssoftpath@bigbuffer@items=\count484
) ("C:\Program Files\MiKTeX 2.9\tex/generic/pgf/systemlayer\pgfsysprotocol.code.tex"
File: pgfsysprotocol.code.tex 2020/12/01 v3.1.7a (3.1.7a)
)) ("C:\Program Files\MiKTeX 2.9\tex/generic/pgf/basiclayer\pgfcore.code.tex"
Package: pgfcore 2020/12/01 v3.1.7a (3.1.7a)
 ("C:\Program Files\MiKTeX 2.9\tex/generic/pgf/math\pgfmath.code.tex" ("C:\Program Files\MiKTeX 2.9\tex/generic/pgf/math\pgfmathcalc.code.tex" ("C:\Program Files\MiKTeX 2.9\tex/generic/pgf/math\pgfmathutil.code.tex") ("C:\Program Files\MiKTeX 2.9\tex/generic/pgf/math\pgfmathparser.code.tex"
\pgfmath@dimen=\dimen273
\pgfmath@count=\count485
\pgfmath@box=\box63
\pgfmath@toks=\toks46
\pgfmath@stack@operand=\toks47
\pgfmath@stack@operation=\toks48
) ("C:\Program Files\MiKTeX 2.9\tex/generic/pgf/math\pgfmathfunctions.code.tex" ("C:\Program Files\MiKTeX 2.9\tex/generic/pgf/math\pgfmathfunctions.basic.code.tex") ("C:\Program Files\MiKTeX 2.9\tex/generic/pgf/math\pgfmathfunctions.trigonometric.code.tex") ("C:\Program Files\MiKTeX 2.9\tex/generic/pgf/math\pgfmathfunctions.random.code.tex") ("C:\Program Files\MiKTeX 2.9\tex/generic/pgf/math\pgfmathfunctions.comparison.code.tex") ("C:\Program Files\MiKTeX 2.9\tex/generic/pgf/math\pgfmathfunctions.base.code.tex") ("C:\Program Files\MiKTeX 2.9\tex/generic/pgf/math\pgfmathfunctions.round.code.tex") ("C:\Program Files\MiKTeX 2.9\tex/generic/pgf/math\pgfmathfunctions.misc.code.tex") ("C:\Program Files\MiKTeX 2.9\tex/generic/pgf/math\pgfmathfunctions.integerarithmetics.code.tex"))) ("C:\Program Files\MiKTeX 2.9\tex/generic/pgf/math\pgfmathfloat.code.tex"
\c@pgfmathroundto@lastzeros=\count486
)) ("C:\Program Files\MiKTeX 2.9\tex/generic/pgf/math\pgfint.code.tex") ("C:\Program Files\MiKTeX 2.9\tex/generic/pgf/basiclayer\pgfcorepoints.code.tex"
File: pgfcorepoints.code.tex 2020/12/01 v3.1.7a (3.1.7a)
\pgf@picminx=\dimen274
\pgf@picmaxx=\dimen275
\pgf@picminy=\dimen276
\pgf@picmaxy=\dimen277
\pgf@pathminx=\dimen278
\pgf@pathmaxx=\dimen279
\pgf@pathminy=\dimen280
\pgf@pathmaxy=\dimen281
\pgf@xx=\dimen282
\pgf@xy=\dimen283
\pgf@yx=\dimen284
\pgf@yy=\dimen285
\pgf@zx=\dimen286
\pgf@zy=\dimen287
) ("C:\Program Files\MiKTeX 2.9\tex/generic/pgf/basiclayer\pgfcorepathconstruct.code.tex"
File: pgfcorepathconstruct.code.tex 2020/12/01 v3.1.7a (3.1.7a)
\pgf@path@lastx=\dimen288
\pgf@path@lasty=\dimen289
) ("C:\Program Files\MiKTeX 2.9\tex/generic/pgf/basiclayer\pgfcorepathusage.code.tex"
File: pgfcorepathusage.code.tex 2020/12/01 v3.1.7a (3.1.7a)
\pgf@shorten@end@additional=\dimen290
\pgf@shorten@start@additional=\dimen291
) ("C:\Program Files\MiKTeX 2.9\tex/generic/pgf/basiclayer\pgfcorescopes.code.tex"
File: pgfcorescopes.code.tex 2020/12/01 v3.1.7a (3.1.7a)
\pgfpic=\box64
\pgf@hbox=\box65
\pgf@layerbox@main=\box66
\pgf@picture@serial@count=\count487
) ("C:\Program Files\MiKTeX 2.9\tex/generic/pgf/basiclayer\pgfcoregraphicstate.code.tex"
File: pgfcoregraphicstate.code.tex 2020/12/01 v3.1.7a (3.1.7a)
\pgflinewidth=\dimen292
) ("C:\Program Files\MiKTeX 2.9\tex/generic/pgf/basiclayer\pgfcoretransformations.code.tex"
File: pgfcoretransformations.code.tex 2020/12/01 v3.1.7a (3.1.7a)
\pgf@pt@x=\dimen293
\pgf@pt@y=\dimen294
\pgf@pt@temp=\dimen295
) ("C:\Program Files\MiKTeX 2.9\tex/generic/pgf/basiclayer\pgfcorequick.code.tex"
File: pgfcorequick.code.tex 2020/12/01 v3.1.7a (3.1.7a)
) ("C:\Program Files\MiKTeX 2.9\tex/generic/pgf/basiclayer\pgfcoreobjects.code.tex"
File: pgfcoreobjects.code.tex 2020/12/01 v3.1.7a (3.1.7a)
) ("C:\Program Files\MiKTeX 2.9\tex/generic/pgf/basiclayer\pgfcorepathprocessing.code.tex"
File: pgfcorepathprocessing.code.tex 2020/12/01 v3.1.7a (3.1.7a)
) ("C:\Program Files\MiKTeX 2.9\tex/generic/pgf/basiclayer\pgfcorearrows.code.tex"
File: pgfcorearrows.code.tex 2020/12/01 v3.1.7a (3.1.7a)
\pgfarrowsep=\dimen296
) ("C:\Program Files\MiKTeX 2.9\tex/generic/pgf/basiclayer\pgfcoreshade.code.tex"
File: pgfcoreshade.code.tex 2020/12/01 v3.1.7a (3.1.7a)
\pgf@max=\dimen297
\pgf@sys@shading@range@num=\count488
\pgf@shadingcount=\count489
) ("C:\Program Files\MiKTeX 2.9\tex/generic/pgf/basiclayer\pgfcoreimage.code.tex"
File: pgfcoreimage.code.tex 2020/12/01 v3.1.7a (3.1.7a)
 ("C:\Program Files\MiKTeX 2.9\tex/generic/pgf/basiclayer\pgfcoreexternal.code.tex"
File: pgfcoreexternal.code.tex 2020/12/01 v3.1.7a (3.1.7a)
\pgfexternal@startupbox=\box67
)) ("C:\Program Files\MiKTeX 2.9\tex/generic/pgf/basiclayer\pgfcorelayers.code.tex"
File: pgfcorelayers.code.tex 2020/12/01 v3.1.7a (3.1.7a)
) ("C:\Program Files\MiKTeX 2.9\tex/generic/pgf/basiclayer\pgfcoretransparency.code.tex"
File: pgfcoretransparency.code.tex 2020/12/01 v3.1.7a (3.1.7a)
) ("C:\Program Files\MiKTeX 2.9\tex/generic/pgf/basiclayer\pgfcorepatterns.code.tex"
File: pgfcorepatterns.code.tex 2020/12/01 v3.1.7a (3.1.7a)
) ("C:\Program Files\MiKTeX 2.9\tex/generic/pgf/basiclayer\pgfcorerdf.code.tex"
File: pgfcorerdf.code.tex 2020/12/01 v3.1.7a (3.1.7a)
))) ("C:\Program Files\MiKTeX 2.9\tex/generic/pgf/modules\pgfmoduleshapes.code.tex"
File: pgfmoduleshapes.code.tex 2020/12/01 v3.1.7a (3.1.7a)
\pgfnodeparttextbox=\box68
) ("C:\Program Files\MiKTeX 2.9\tex/generic/pgf/modules\pgfmoduleplot.code.tex"
File: pgfmoduleplot.code.tex 2020/12/01 v3.1.7a (3.1.7a)
) ("C:\Program Files\MiKTeX 2.9\tex/latex/pgf/compatibility\pgfcomp-version-0-65.sty"
Package: pgfcomp-version-0-65 2020/12/01 v3.1.7a (3.1.7a)
\pgf@nodesepstart=\dimen298
\pgf@nodesepend=\dimen299
) ("C:\Program Files\MiKTeX 2.9\tex/latex/pgf/compatibility\pgfcomp-version-1-18.sty"
Package: pgfcomp-version-1-18 2020/12/01 v3.1.7a (3.1.7a)
)) ("C:\Program Files\MiKTeX 2.9\tex/latex/pgf/utilities\pgffor.sty" ("C:\Program Files\MiKTeX 2.9\tex/latex/pgf/math\pgfmath.sty" ("C:\Program Files\MiKTeX 2.9\tex/generic/pgf/math\pgfmath.code.tex")) ("C:\Program Files\MiKTeX 2.9\tex/generic/pgf/utilities\pgffor.code.tex"
Package: pgffor 2020/12/01 v3.1.7a (3.1.7a)
 ("C:\Program Files\MiKTeX 2.9\tex/generic/pgf/math\pgfmath.code.tex")
\pgffor@iter=\dimen300
\pgffor@skip=\dimen301
\pgffor@stack=\toks49
\pgffor@toks=\toks50
)) ("C:\Program Files\MiKTeX 2.9\tex/generic/pgf/frontendlayer/tikz\tikz.code.tex"
Package: tikz 2020/12/01 v3.1.7a (3.1.7a)
 ("C:\Program Files\MiKTeX 2.9\tex/generic/pgf/libraries\pgflibraryplothandlers.code.tex"
File: pgflibraryplothandlers.code.tex 2020/12/01 v3.1.7a (3.1.7a)
\pgf@plot@mark@count=\count490
\pgfplotmarksize=\dimen302
)
\tikz@lastx=\dimen303
\tikz@lasty=\dimen304
\tikz@lastxsaved=\dimen305
\tikz@lastysaved=\dimen306
\tikz@lastmovetox=\dimen307
\tikz@lastmovetoy=\dimen308
\tikzleveldistance=\dimen309
\tikzsiblingdistance=\dimen310
\tikz@figbox=\box69
\tikz@figbox@bg=\box70
\tikz@tempbox=\box71
\tikz@tempbox@bg=\box72
\tikztreelevel=\count491
\tikznumberofchildren=\count492
\tikznumberofcurrentchild=\count493
\tikz@fig@count=\count494
 ("C:\Program Files\MiKTeX 2.9\tex/generic/pgf/modules\pgfmodulematrix.code.tex"
File: pgfmodulematrix.code.tex 2020/12/01 v3.1.7a (3.1.7a)
\pgfmatrixcurrentrow=\count495
\pgfmatrixcurrentcolumn=\count496
\pgf@matrix@numberofcolumns=\count497
)
\tikz@expandcount=\count498
 ("C:\Program Files\MiKTeX 2.9\tex/generic/pgf/frontendlayer/tikz/libraries\tikzlibrarytopaths.code.tex"
File: tikzlibrarytopaths.code.tex 2020/12/01 v3.1.7a (3.1.7a)
))) ("C:\Program Files\MiKTeX 2.9\tex/generic/chemfig\chemfig.tex" ("C:\Program Files\MiKTeX 2.9\tex/generic/simplekv\simplekv.tex"
Package: simplekv 2020/04/27 v0.2 Simple keyval package (CT)
) ("C:\Program Files\MiKTeX 2.9\tex/generic/pgf/libraries\pgflibraryarrows.meta.code.tex"
File: pgflibraryarrows.meta.code.tex 2020/12/01 v3.1.7a (3.1.7a)
\pgfarrowinset=\dimen311
\pgfarrowlength=\dimen312
\pgfarrowwidth=\dimen313
\pgfarrowlinewidth=\dimen314
)
\CF_cntatomgroup=\count499
\CF_cntgroup=\count500
\CF_cntatom=\count501
\CF_cntcycle=\count502
\CF_cntcyclebonds=\count503
\CF_cntcompound=\count504
\CF_dim=\dimen315
\CF_arrowsize=\dimen316
\CF_zero=\dimen317
\CF_boxlewis=\box73
\CF_box=\box74
\CF_boxstuff=\box75
\CF_testbox=\box76
\CF_chargebox=\box77
\CF_substtoks=\toks51
)
Package: chemfig 2020/07/13 v1.56 Draw molecule with an easy syntax (CT)
) ("C:\Program Files\MiKTeX 2.9\tex/latex/oberdiek\twoopt.sty"
Package: twoopt 2016/05/16 v1.6 Definitions with two optional arguments (HO)
) ("C:\Program Files\MiKTeX 2.9\tex/generic/pgf/frontendlayer/tikz/libraries\tikzlibrarydecorations.code.tex" ("C:\Program Files\MiKTeX 2.9\tex/generic/pgf/modules\pgfmoduledecorations.code.tex"
\pgfdecoratedcompleteddistance=\dimen318
\pgfdecoratedremainingdistance=\dimen319
\pgfdecoratedinputsegmentcompleteddistance=\dimen320
\pgfdecoratedinputsegmentremainingdistance=\dimen321
\pgf@decorate@distancetomove=\dimen322
\pgf@decorate@repeatstate=\count505
\pgfdecorationsegmentamplitude=\dimen323
\pgfdecorationsegmentlength=\dimen324
)
\tikz@lib@dec@box=\box78
)
\mcfvspace=\skip106
\mcf@boxwidth=\skip107
\mcf@boxheight=\skip108
) ("C:\Program Files\MiKTeX 2.9\tex/latex/multirow\multirow.sty"
Package: multirow 2019/05/31 v2.5 Span multiple rows of a table
\multirow@colwidth=\skip109
\multirow@cntb=\count506
\multirow@dima=\skip110
\bigstrutjot=\dimen325
) ("C:\Program Files\MiKTeX 2.9\tex/latex/placeins\placeins.sty"
Package: placeins 2005/04/18  v 2.2
)
Package csquotes Info: Checking for multilingual support...
Package csquotes Info: ... found 'babel' package.
 (main.aux (chapters/1theoreticalBackground.aux) (chapters/2methods.aux) (chapters/3results.aux) (chapters/4discussion.aux) (chapters/5outlook.aux) (back/appendix_a.aux) (back/appendix_b.aux) (back/printbox.aux))
\openout1 = `main.aux'.

LaTeX Font Info:    Checking defaults for OML/cmm/m/it on input line 63.
LaTeX Font Info:    ... okay on input line 63.
LaTeX Font Info:    Checking defaults for OMS/cmsy/m/n on input line 63.
LaTeX Font Info:    ... okay on input line 63.
LaTeX Font Info:    Checking defaults for OT1/cmr/m/n on input line 63.
LaTeX Font Info:    ... okay on input line 63.
LaTeX Font Info:    Checking defaults for T1/cmr/m/n on input line 63.
LaTeX Font Info:    ... okay on input line 63.
LaTeX Font Info:    Checking defaults for TS1/cmr/m/n on input line 63.
LaTeX Font Info:    ... okay on input line 63.
LaTeX Font Info:    Checking defaults for OMX/cmex/m/n on input line 63.
LaTeX Font Info:    ... okay on input line 63.
LaTeX Font Info:    Checking defaults for U/cmr/m/n on input line 63.
LaTeX Font Info:    ... okay on input line 63.
LaTeX Font Info:    Checking defaults for PD1/pdf/m/n on input line 63.
LaTeX Font Info:    ... okay on input line 63.
LaTeX Font Info:    Checking defaults for PU/pdf/m/n on input line 63.
LaTeX Font Info:    ... okay on input line 63.

*geometry* driver: auto-detecting
*geometry* detected driver: pdftex
*geometry* verbose mode - [ preamble ] result:
* driver: pdftex
* paper: <default>
* layout: <same size as paper>
* layoutoffset:(h,v)=(0.0pt,0.0pt)
* modes: 
* h-part:(L,W,R)=(91.04881pt, 415.41025pt, 91.04881pt)
* v-part:(T,H,B)=(102.42992pt, 628.80591pt, 113.81102pt)
* \paperwidth=597.50787pt
* \paperheight=845.04684pt
* \textwidth=415.41025pt
* \textheight=628.80591pt
* \oddsidemargin=18.77882pt
* \evensidemargin=18.77882pt
* \topmargin=-1.71387pt
* \headheight=25.6pt
* \headsep=19.8738pt
* \topskip=11.0pt
* \footskip=27.46295pt
* \marginparwidth=53.0pt
* \marginparsep=7.0pt
* \columnsep=10.0pt
* \skip\footins=10.0pt plus 4.0pt minus 2.0pt
* \hoffset=0.0pt
* \voffset=0.0pt
* \mag=1000
* \@twocolumnfalse
* \@twosidefalse
* \@mparswitchfalse
* \@reversemarginfalse
* (1in=72.27pt=25.4mm, 1cm=28.453pt)

Package csquotes Info: Redefining character " on input line 63.
("C:\Program Files\MiKTeX 2.9\tex/context/base/mkii\supp-pdf.mkii"
[Loading MPS to PDF converter (version 2006.09.02).]
\scratchcounter=\count507
\scratchdimen=\dimen326
\scratchbox=\box79
\nofMPsegments=\count508
\nofMParguments=\count509
\everyMPshowfont=\toks52
\MPscratchCnt=\count510
\MPscratchDim=\dimen327
\MPnumerator=\count511
\makeMPintoPDFobject=\count512
\everyMPtoPDFconversion=\toks53
)
Package hyperref Info: Link coloring OFF on input line 63.
 ("C:\Program Files\MiKTeX 2.9\tex/latex/hyperref\nameref.sty"
Package: nameref 2019/09/16 v2.46 Cross-referencing by name of section
 ("C:\Program Files\MiKTeX 2.9\tex/latex/refcount\refcount.sty"
Package: refcount 2019/12/15 v3.6 Data extraction from label references (HO)
) ("C:\Program Files\MiKTeX 2.9\tex/generic/gettitlestring\gettitlestring.sty"
Package: gettitlestring 2019/12/15 v1.6 Cleanup title references (HO)
)
\c@section@level=\count513
)
LaTeX Info: Redefining \ref on input line 63.
LaTeX Info: Redefining \pageref on input line 63.
LaTeX Info: Redefining \nameref on input line 63.
 (main.out) (main.out)
\@outlinefile=\write5
\openout5 = `main.out'.

Package caption Info: Begin \AtBeginDocument code.
Package caption Info: listings package is loaded.
Package caption Info: End \AtBeginDocument code.
 ("C:\Program Files\MiKTeX 2.9\tex/latex/pdflscape\pdflscape.sty"
Package: pdflscape 2019/12/05 v0.12 Display of landscape pages in PDF (HO)
 ("C:\Program Files\MiKTeX 2.9\tex/latex/graphics\lscape.sty"
Package: lscape 2020/05/28 v3.02 Landscape Pages (DPC)
)
Package pdflscape Info: Auto-detected driver: pdftex on input line 81.
)
\c@lstlisting=\count514
Package biblatex Info: Trying to load language 'english'...
Package biblatex Info: ... file 'english.lbx' found.
 ("C:\Program Files\MiKTeX 2.9\tex/latex/biblatex/lbx\english.lbx"
File: english.lbx 2020/08/23 v3.15a biblatex localization (PK/MW)
)
Package biblatex Info: Trying to load language 'ngerman'...
Package biblatex Info: ... file 'ngerman.lbx' found.
 ("C:\Program Files\MiKTeX 2.9\tex/latex/biblatex/lbx\ngerman.lbx"
File: ngerman.lbx 2020/08/23 v3.15a biblatex localization (PK/MW)
Package biblatex Info: Trying to load language 'german'...
Package biblatex Info: ... file 'german.lbx' found.
 ("C:\Program Files\MiKTeX 2.9\tex/latex/biblatex/lbx\german.lbx"
File: german.lbx 2020/08/23 v3.15a biblatex localization (PK/MW)
)
Package biblatex Info: Trying to load language 'german'...
Package biblatex Info: ... file 'german.lbx' found.
 ("C:\Program Files\MiKTeX 2.9\tex/latex/biblatex/lbx\german.lbx"
File: german.lbx 2020/08/23 v3.15a biblatex localization (PK/MW)
))
Package biblatex Info: Input encoding 'utf8' detected.
Package biblatex Info: Automatic encoding selection.
(biblatex)             Assuming data encoding 'utf8'.
\openout3 = `main.bcf'.

Package biblatex Info: Trying to load bibliographic data...
Package biblatex Info: ... file 'main.bbl' found.
 (main.bbl)
Package biblatex Info: Reference section=0 on input line 63.
Package biblatex Info: Reference segment=0 on input line 63.

Package chemgreek Info: Activating mapping `default' on line 63.

Package hyperref Info: Option `pageanchor' set `false' on input line 70.
Package csquotes Info: Redefining character " on input line 70.
LaTeX Font Info:    Trying to load font information for T1+lmss on input line 70.
 ("C:\Program Files\MiKTeX 2.9\tex/latex/lm\t1lmss.fd"
File: t1lmss.fd 2009/10/30 v1.6 Font defs for Latin Modern
)
LaTeX Font Info:    Trying to load font information for OT1+lmr on input line 70.
 ("C:\Program Files\MiKTeX 2.9\tex/latex/lm\ot1lmr.fd"
File: ot1lmr.fd 2009/10/30 v1.6 Font defs for Latin Modern
)<<ot1.cmap>>
LaTeX Font Info:    Trying to load font information for OML+lmm on input line 70.
 ("C:\Program Files\MiKTeX 2.9\tex/latex/lm\omllmm.fd"
File: omllmm.fd 2009/10/30 v1.6 Font defs for Latin Modern
)<<oml.cmap>>
LaTeX Font Info:    Trying to load font information for OMS+lmsy on input line 70.
 ("C:\Program Files\MiKTeX 2.9\tex/latex/lm\omslmsy.fd"
File: omslmsy.fd 2009/10/30 v1.6 Font defs for Latin Modern
)<<oms.cmap>><<omx.cmap>>
LaTeX Font Info:    External font `cmex7' loaded for size
(Font)              <6> on input line 70.
LaTeX Font Info:    Trying to load font information for U+msa on input line 70.
 ("C:\Program Files\MiKTeX 2.9\tex/latex/amsfonts\umsa.fd"
File: umsa.fd 2013/01/14 v3.01 AMS symbols A
)
LaTeX Font Info:    Trying to load font information for U+msb on input line 70.
 ("C:\Program Files\MiKTeX 2.9\tex/latex/amsfonts\umsb.fd"
File: umsb.fd 2013/01/14 v3.01 AMS symbols B
)
Package epstopdf Info: Source file: <images//logo.eps>
(epstopdf)                    date: 2021-01-04 20:48:02
(epstopdf)                    size: 514490 bytes
(epstopdf)             Output file: <images//logo-eps-converted-to.pdf>
(epstopdf)                    date: 2021-01-04 20:50:49
(epstopdf)                    size: 46953 bytes
(epstopdf)             Command: <epstopdf --outfile=images//logo-eps-converted-to.pdf images//logo.eps>
(epstopdf)             \includegraphics on input line 70.
Package epstopdf Info: Output file is already uptodate.


pdfTeX warning: pdflatex (file ./images//logo-eps-converted-to.pdf): PDF inclusion: found PDF version <1.7>, but at most version <1.5> allowed
<images//logo-eps-converted-to.pdf, id=203, 339.2675pt x 142.5325pt>
File: images//logo-eps-converted-to.pdf Graphic file (type pdf)
<use images//logo-eps-converted-to.pdf>
Package pdftex.def Info: images//logo-eps-converted-to.pdf  used on input line 70.
(pdftex.def)             Requested size: 203.1738pt x 85.35826pt.
[1



{C:/Users/mikre/AppData/Local/MiKTeX/2.9/pdftex/config/pdftex.map} <./images//logo-eps-converted-to.pdf>] [2]
LaTeX Font Info:    Trying to load font information for TS1+lmss on input line 70.
 ("C:\Program Files\MiKTeX 2.9\tex/latex/lm\ts1lmss.fd"
File: ts1lmss.fd 2009/10/30 v1.6 Font defs for Latin Modern
)
Package csquotes Info: Redefining character " on input line 70.
 [3]
Package hyperref Info: Option `pageanchor' set `true' on input line 70.
 [4

] (main.toc
Package tocbasic Info: Using my definition of `\numberline' on input line 7.
Package tocbasic Info: Using my definition of `\numberline' on input line 10.
Package tocbasic Info: Using my definition of `\numberline' on input line 38.
Package tocbasic Info: Using my definition of `\numberline' on input line 52.
Package tocbasic Info: Using my definition of `\numberline' on input line 70.
 [5

]
Package tocbasic Info: Using my definition of `\numberline' on input line 82.
Package tocbasic Info: Using my definition of `\numberline' on input line 88.
Package tocbasic Info: Using my definition of `\numberline' on input line 94.
Package tocbasic Info: Using my definition of `\numberline' on input line 100.
)
\tf@toc=\write6
\openout6 = `main.toc'.

 [6]
\openout2 = `chapters/1theoreticalBackground.aux'.

 (chapters/1theoreticalBackground.tex
Chapter 1.
<images//annotated_nucleosome.pdf, id=293, 517.935pt x 280.04625pt>
File: images//annotated_nucleosome.pdf Graphic file (type pdf)
<use images//annotated_nucleosome.pdf>
Package pdftex.def Info: images//annotated_nucleosome.pdf  used on input line 79.
(pdftex.def)             Requested size: 290.7859pt x 157.23503pt.
[1



 <./images//annotated_nucleosome.pdf>]
Underfull \hbox (badness 10000) in paragraph at lines 94--98

 []

LaTeX Font Info:    Trying to load font information for TS1+lmr on input line 137.
("C:\Program Files\MiKTeX 2.9\tex/latex/lm\ts1lmr.fd"
File: ts1lmr.fd 2009/10/30 v1.6 Font defs for Latin Modern
) [2] [3]
Underfull \hbox (badness 10000) in paragraph at lines 207--209

 []

[4pdfTeX warning (ext4): destination with the same identifier (name{equation.1.2.1}) has been already used, duplicate ignored
<argument> ...shipout:D \box_use:N \l_shipout_box 
                                                  
l.209 
      pdfTeX warning (ext4): destination with the same identifier (name{equation.1.2.2}) has been already used, duplicate ignored
<argument> ...shipout:D \box_use:N \l_shipout_box 
                                                  
l.209 
      pdfTeX warning (ext4): destination with the same identifier (name{equation.1.2.1}) has been already used, duplicate ignored
<argument> ...shipout:D \box_use:N \l_shipout_box 
                                                  
l.209 
      pdfTeX warning (ext4): destination with the same identifier (name{equation.1.2.2}) has been already used, duplicate ignored
<argument> ...shipout:D \box_use:N \l_shipout_box 
                                                  
l.209 
      ]
<images//Gillespie_timeSteps.pdf, id=383, 1679.27374pt x 627.34375pt>
File: images//Gillespie_timeSteps.pdf Graphic file (type pdf)
<use images//Gillespie_timeSteps.pdf>
Package pdftex.def Info: images//Gillespie_timeSteps.pdf  used on input line 217.
(pdftex.def)             Requested size: 290.7859pt x 108.62852pt.

Underfull \hbox (badness 10000) in paragraph at lines 228--230

 []

[5 <./images//Gillespie_timeSteps.pdf>]
Underfull \hbox (badness 10000) in paragraph at lines 277--279

 []

[6]

pdfTeX warning: pdflatex (file ./images//landscape_wAxes.pdf): PDF inclusion: found PDF version <1.7>, but at most version <1.5> allowed
<images//landscape_wAxes.pdf, id=420, 1524.8167pt x 857.71037pt>
File: images//landscape_wAxes.pdf Graphic file (type pdf)
<use images//landscape_wAxes.pdf>
Package pdftex.def Info: images//landscape_wAxes.pdf  used on input line 292.
(pdftex.def)             Requested size: 332.32945pt x 186.93004pt.
<images//landscape_wAxes_2D.pdf, id=421, 1933.2225pt x 829.0975pt>
File: images//landscape_wAxes_2D.pdf Graphic file (type pdf)
<use images//landscape_wAxes_2D.pdf>
Package pdftex.def Info: images//landscape_wAxes_2D.pdf  used on input line 298.
(pdftex.def)             Requested size: 332.32945pt x 142.52608pt.
LaTeX Font Info:    External font `cmex7' loaded for size
(Font)              <7> on input line 301.
LaTeX Font Info:    External font `cmex7' loaded for size
(Font)              <5> on input line 301.
[7 <./images//landscape_wAxes.pdf> <./images//landscape_wAxes_2D.pdf>]
<images//vectorfield_noncooperative_assymetric_monostable_ac.pdf, id=470, 300.08452pt x 297.56746pt>
File: images//vectorfield_noncooperative_assymetric_monostable_ac.pdf Graphic file (type pdf)
<use images//vectorfield_noncooperative_assymetric_monostable_ac.pdf>
Package pdftex.def Info: images//vectorfield_noncooperative_assymetric_monostable_ac.pdf  used on input line 335.
(pdftex.def)             Requested size: 124.62433pt x 123.579pt.
<images//vectorfield_noncooperative_asymmetric_multistable.pdf, id=471, 278.33177pt x 297.56746pt>
File: images//vectorfield_noncooperative_asymmetric_multistable.pdf Graphic file (type pdf)
<use images//vectorfield_noncooperative_asymmetric_multistable.pdf>
Package pdftex.def Info: images//vectorfield_noncooperative_asymmetric_multistable.pdf  used on input line 339.
(pdftex.def)             Requested size: 124.62433pt x 133.23665pt.
<images//vectorfield_noncooperative_assymetric_monostable_me.pdf, id=472, 287.27464pt x 297.56746pt>
File: images//vectorfield_noncooperative_assymetric_monostable_me.pdf Graphic file (type pdf)
<use images//vectorfield_noncooperative_assymetric_monostable_me.pdf>
Package pdftex.def Info: images//vectorfield_noncooperative_assymetric_monostable_me.pdf  used on input line 343.
(pdftex.def)             Requested size: 124.62433pt x 129.08662pt.
 [8 <./images//vectorfield_noncooperative_assymetric_monostable_ac.pdf> <./images//vectorfield_noncooperative_asymmetric_multistable.pdf

pdfTeX warning: pdflatex (file ./images//vectorfield_noncooperative_asymmetric_multistable.pdf): PDF inclusion: multiple pdfs with page group included in a single page
> <./images//vectorfield_noncooperative_assymetric_monostable_me.pdf

pdfTeX warning: pdflatex (file ./images//vectorfield_noncooperative_assymetric_monostable_me.pdf): PDF inclusion: multiple pdfs with page group included in a single page
>]
Underfull \hbox (badness 10000) in paragraph at lines 376--378

 []

[9]
Underfull \hbox (badness 10000) in paragraph at lines 384--386

 []

<images//vectorfield_cooperative.pdf, id=582, 276.21988pt x 297.56746pt>
File: images//vectorfield_cooperative.pdf Graphic file (type pdf)
<use images//vectorfield_cooperative.pdf>
Package pdftex.def Info: images//vectorfield_cooperative.pdf  used on input line 412.
(pdftex.def)             Requested size: 207.70512pt x 223.75621pt.
[10 <./images//vectorfield_cooperative.pdf>]
Underfull \hbox (badness 10000) in paragraph at lines 449--451

 []

) [11]
\openout2 = `chapters/2methods.aux'.

 (chapters/2methods.tex
Chapter 2.

Underfull \hbox (badness 10000) in paragraph at lines 11--13

 []

LaTeX Font Info:    Font shape `T1/lmss/m/it' in size <12> not available
(Font)              Font shape `T1/lmss/m/sl' tried instead on input line 29.
[12




]
<images//enzymes/linear_a.pdf, id=634, 793.96625pt x 129.48375pt>
File: images//enzymes/linear_a.pdf Graphic file (type pdf)
<use images//enzymes/linear_a.pdf>
Package pdftex.def Info: images//enzymes/linear_a.pdf  used on input line 64.
(pdftex.def)             Requested size: 332.32945pt x 54.19905pt.
<images//enzymes/linear_b.pdf, id=635, 793.96625pt x 129.48375pt>
File: images//enzymes/linear_b.pdf Graphic file (type pdf)
<use images//enzymes/linear_b.pdf>
Package pdftex.def Info: images//enzymes/linear_b.pdf  used on input line 71.
(pdftex.def)             Requested size: 332.32945pt x 54.19905pt.
 [13]
<images//enzymes/coop_a.pdf, id=645, 1498.59875pt x 129.48375pt>
File: images//enzymes/coop_a.pdf Graphic file (type pdf)
<use images//enzymes/coop_a.pdf>
Package pdftex.def Info: images//enzymes/coop_a.pdf  used on input line 94.
(pdftex.def)             Requested size: 332.32945pt x 28.71371pt.
<images//enzymes/coop_b.pdf, id=646, 1498.59875pt x 127.47626pt>
File: images//enzymes/coop_b.pdf Graphic file (type pdf)
<use images//enzymes/coop_b.pdf>
Package pdftex.def Info: images//enzymes/coop_b.pdf  used on input line 101.
(pdftex.def)             Requested size: 332.32945pt x 28.26854pt.
 [14 <./images//enzymes/linear_a.pdf> <./images//enzymes/linear_b.pdf> <./images//enzymes/coop_a.pdf> <./images//enzymes/coop_b.pdf>]
<images//enzymes/random_a.pdf, id=725, 793.96625pt x 129.48375pt>
File: images//enzymes/random_a.pdf Graphic file (type pdf)
<use images//enzymes/random_a.pdf>
Package pdftex.def Info: images//enzymes/random_a.pdf  used on input line 135.
(pdftex.def)             Requested size: 332.32945pt x 54.19905pt.
<images//enzymes/random_b.pdf, id=726, 793.96625pt x 129.48375pt>
File: images//enzymes/random_b.pdf Graphic file (type pdf)
<use images//enzymes/random_b.pdf>
Package pdftex.def Info: images//enzymes/random_b.pdf  used on input line 142.
(pdftex.def)             Requested size: 332.32945pt x 54.19905pt.
<images//enzymes/completer_total_a.pdf, id=727, 793.96625pt x 130.4875pt>
File: images//enzymes/completer_total_a.pdf Graphic file (type pdf)
<use images//enzymes/completer_total_a.pdf>
Package pdftex.def Info: images//enzymes/completer_total_a.pdf  used on input line 178.
(pdftex.def)             Requested size: 332.32945pt x 54.61919pt.
<images//enzymes/completer_total_b.pdf, id=728, 793.96625pt x 130.4875pt>
File: images//enzymes/completer_total_b.pdf Graphic file (type pdf)
<use images//enzymes/completer_total_b.pdf>
Package pdftex.def Info: images//enzymes/completer_total_b.pdf  used on input line 185.
(pdftex.def)             Requested size: 332.32945pt x 54.61919pt.
<images//enzymes/completer_biv_a.pdf, id=729, 793.96625pt x 130.4875pt>
File: images//enzymes/completer_biv_a.pdf Graphic file (type pdf)
<use images//enzymes/completer_biv_a.pdf>
Package pdftex.def Info: images//enzymes/completer_biv_a.pdf  used on input line 192.
(pdftex.def)             Requested size: 332.32945pt x 54.61919pt.
<images//enzymes/completer_biv_b.pdf, id=730, 793.96625pt x 130.4875pt>
File: images//enzymes/completer_biv_b.pdf Graphic file (type pdf)
<use images//enzymes/completer_biv_b.pdf>
Package pdftex.def Info: images//enzymes/completer_biv_b.pdf  used on input line 199.
(pdftex.def)             Requested size: 332.32945pt x 54.61919pt.
 [15 <./images//enzymes/random_a.pdf> <./images//enzymes/random_b.pdf>] [16 <./images//enzymes/completer_total_a.pdf> <./images//enzymes/completer_total_b.pdf> <./images//enzymes/completer_biv_a.pdf> <./images//enzymes/completer_biv_b.pdf>] [17]) [18]
\openout2 = `chapters/3results.aux'.

 (chapters/3results.tex
Chapter 3.
<images//Results/3.1_noncoopNotBistable/longRun_nonCyclic_highDiss_2_runHistoryPlot.pdf, id=1262, 462.52798pt x 346.89601pt>
File: images//Results/3.1_noncoopNotBistable/longRun_nonCyclic_highDiss_2_runHistoryPlot.pdf Graphic file (type pdf)
<use images//Results/3.1_noncoopNotBistable/longRun_nonCyclic_highDiss_2_runHistoryPlot.pdf>
Package pdftex.def Info: images//Results/3.1_noncoopNotBistable/longRun_nonCyclic_highDiss_2_runHistoryPlot.pdf  used on input line 15.
(pdftex.def)             Requested size: 415.41025pt x 311.57362pt.

Underfull \hbox (badness 10000) in paragraph at lines 28--30

 []

<images//Results/3.1_noncoopNotBistable/shortRun_nonCyclic_highDiss_bindingNumbers_5runs_numberAnnot.pdf, id=1266, 1806.75pt x 693.792pt>
File: images//Results/3.1_noncoopNotBistable/shortRun_nonCyclic_highDiss_bindingNumbers_5runs_numberAnnot.pdf Graphic file (type pdf)
<use images//Results/3.1_noncoopNotBistable/shortRun_nonCyclic_highDiss_bindingNumbers_5runs_numberAnnot.pdf>
Package pdftex.def Info: images//Results/3.1_noncoopNotBistable/shortRun_nonCyclic_highDiss_bindingNumbers_5runs_numberAnnot.pdf  used on input line 34.
(pdftex.def)             Requested size: 415.41025pt x 189.32716pt.
[19




] [20 <./images//Results/3.1_noncoopNotBistable/longRun_nonCyclic_highDiss_2_runHistoryPlot.pdf>] [21 <./images//Results/3.1_noncoopNotBistable/shortRun_nonCyclic_highDiss_bindingNumbers_5runs_numberAnnot.pdf>]
<images//Results/3.2_nonCyclString/shortRun_nonCyclic_highDiss_wCoopRem_3_runHistoryPlot.pdf, id=1355, 462.52798pt x 346.89601pt>
File: images//Results/3.2_nonCyclString/shortRun_nonCyclic_highDiss_wCoopRem_3_runHistoryPlot.pdf Graphic file (type pdf)
<use images//Results/3.2_nonCyclString/shortRun_nonCyclic_highDiss_wCoopRem_3_runHistoryPlot.pdf>
Package pdftex.def Info: images//Results/3.2_nonCyclString/shortRun_nonCyclic_highDiss_wCoopRem_3_runHistoryPlot.pdf  used on input line 88.
(pdftex.def)             Requested size: 415.41025pt x 311.57362pt.
<images//Results/3.2_nonCyclString/shortRun_nonCyclic_highDiss_wCoopRem_3_bindingNumbers_numberAnnot.pdf, id=1356, 1951.29pt x 693.792pt>
File: images//Results/3.2_nonCyclString/shortRun_nonCyclic_highDiss_wCoopRem_3_bindingNumbers_numberAnnot.pdf Graphic file (type pdf)
<use images//Results/3.2_nonCyclString/shortRun_nonCyclic_highDiss_wCoopRem_3_bindingNumbers_numberAnnot.pdf>
Package pdftex.def Info: images//Results/3.2_nonCyclString/shortRun_nonCyclic_highDiss_wCoopRem_3_bindingNumbers_numberAnnot.pdf  used on input line 94.
(pdftex.def)             Requested size: 415.41025pt x 172.90765pt.
<images//Results/3.2_nonCyclString/shortRun_nonCyclic_highDiss_wCoopRem_3_bindingTimeDuration_numberAnnot.pdf, id=1360, 1951.29pt x 693.792pt>
File: images//Results/3.2_nonCyclString/shortRun_nonCyclic_highDiss_wCoopRem_3_bindingTimeDuration_numberAnnot.pdf Graphic file (type pdf)
<use images//Results/3.2_nonCyclString/shortRun_nonCyclic_highDiss_wCoopRem_3_bindingTimeDuration_numberAnnot.pdf>
Package pdftex.def Info: images//Results/3.2_nonCyclString/shortRun_nonCyclic_highDiss_wCoopRem_3_bindingTimeDuration_numberAnnot.pdf  used on input line 153.
(pdftex.def)             Requested size: 415.41025pt x 172.90765pt.

Underfull \hbox (badness 10000) in paragraph at lines 213--215

 []

[22

 <./images//Results/3.2_nonCyclString/shortRun_nonCyclic_highDiss_wCoopRem_3_runHistoryPlot.pdf>] [23 <./images//Results/3.2_nonCyclString/shortRun_nonCyclic_highDiss_wCoopRem_3_bindingNumbers_numberAnnot.pdf>] [24 <./images//Results/3.2_nonCyclString/shortRun_nonCyclic_highDiss_wCoopRem_3_bindingTimeDuration_numberAnnot.pdf>]
<images//Results/3.2_nonCyclString/longRun_nonCyclic_highDiss_noCoopRem_1_runHistoryPlot.pdf, id=1503, 462.52798pt x 346.89601pt>
File: images//Results/3.2_nonCyclString/longRun_nonCyclic_highDiss_noCoopRem_1_runHistoryPlot.pdf Graphic file (type pdf)
<use images//Results/3.2_nonCyclString/longRun_nonCyclic_highDiss_noCoopRem_1_runHistoryPlot.pdf>
Package pdftex.def Info: images//Results/3.2_nonCyclString/longRun_nonCyclic_highDiss_noCoopRem_1_runHistoryPlot.pdf  used on input line 251.
(pdftex.def)             Requested size: 415.41025pt x 311.57362pt.
<images//Results/3.2_nonCyclString/longRun_nonCyclic_highDiss_noCoopRem_4_runHistoryPlot.pdf, id=1504, 462.52798pt x 346.89601pt>
File: images//Results/3.2_nonCyclString/longRun_nonCyclic_highDiss_noCoopRem_4_runHistoryPlot.pdf Graphic file (type pdf)
<use images//Results/3.2_nonCyclString/longRun_nonCyclic_highDiss_noCoopRem_4_runHistoryPlot.pdf>
Package pdftex.def Info: images//Results/3.2_nonCyclString/longRun_nonCyclic_highDiss_noCoopRem_4_runHistoryPlot.pdf  used on input line 258.
(pdftex.def)             Requested size: 415.41025pt x 311.57362pt.
 [25 <./images//Results/3.2_nonCyclString/longRun_nonCyclic_highDiss_noCoopRem_1_runHistoryPlot.pdf>] [26 <./images//Results/3.2_nonCyclString/longRun_nonCyclic_highDiss_noCoopRem_4_runHistoryPlot.pdf>]
<images//Results/3.3_bistableSwitching/longRun_cyclic_highDiss_noCoopRem_1_runHistoryPlot.pdf, id=1581, 462.52798pt x 346.89601pt>
File: images//Results/3.3_bistableSwitching/longRun_cyclic_highDiss_noCoopRem_1_runHistoryPlot.pdf Graphic file (type pdf)
<use images//Results/3.3_bistableSwitching/longRun_cyclic_highDiss_noCoopRem_1_runHistoryPlot.pdf>
Package pdftex.def Info: images//Results/3.3_bistableSwitching/longRun_cyclic_highDiss_noCoopRem_1_runHistoryPlot.pdf  used on input line 288.
(pdftex.def)             Requested size: 415.41025pt x 311.57362pt.
<images//Results/3.3_bistableSwitching/longRun_cyclic_highDiss_noCoopRem_2_runHistoryPlot.pdf, id=1582, 462.52798pt x 346.89601pt>
File: images//Results/3.3_bistableSwitching/longRun_cyclic_highDiss_noCoopRem_2_runHistoryPlot.pdf Graphic file (type pdf)
<use images//Results/3.3_bistableSwitching/longRun_cyclic_highDiss_noCoopRem_2_runHistoryPlot.pdf>
Package pdftex.def Info: images//Results/3.3_bistableSwitching/longRun_cyclic_highDiss_noCoopRem_2_runHistoryPlot.pdf  used on input line 295.
(pdftex.def)             Requested size: 415.41025pt x 311.57362pt.
 [27 <./images//Results/3.3_bistableSwitching/longRun_cyclic_highDiss_noCoopRem_1_runHistoryPlot.pdf>]
<images//Results/3.4_dissocRate/longRun_cyclic_highDiss_noCoopRem_3_runHistoryPlot.pdf, id=1621, 462.52798pt x 346.89601pt>
File: images//Results/3.4_dissocRate/longRun_cyclic_highDiss_noCoopRem_3_runHistoryPlot.pdf Graphic file (type pdf)
<use images//Results/3.4_dissocRate/longRun_cyclic_highDiss_noCoopRem_3_runHistoryPlot.pdf>
Package pdftex.def Info: images//Results/3.4_dissocRate/longRun_cyclic_highDiss_noCoopRem_3_runHistoryPlot.pdf  used on input line 319.
(pdftex.def)             Requested size: 415.41025pt x 311.57362pt.
<images//Results/3.4_dissocRate/longRun_cyclic_lowDiss_noCoopRem_3_runHistoryPlot.pdf, id=1622, 462.52798pt x 346.89601pt>
File: images//Results/3.4_dissocRate/longRun_cyclic_lowDiss_noCoopRem_3_runHistoryPlot.pdf Graphic file (type pdf)
<use images//Results/3.4_dissocRate/longRun_cyclic_lowDiss_noCoopRem_3_runHistoryPlot.pdf>
Package pdftex.def Info: images//Results/3.4_dissocRate/longRun_cyclic_lowDiss_noCoopRem_3_runHistoryPlot.pdf  used on input line 326.
(pdftex.def)             Requested size: 415.41025pt x 311.57362pt.
 [28 <./images//Results/3.3_bistableSwitching/longRun_cyclic_highDiss_noCoopRem_2_runHistoryPlot.pdf>] [29 <./images//Results/3.4_dissocRate/longRun_cyclic_highDiss_noCoopRem_3_runHistoryPlot.pdf>] [30 <./images//Results/3.4_dissocRate/longRun_cyclic_lowDiss_noCoopRem_3_runHistoryPlot.pdf>]
Overfull \hbox (10.99799pt too wide) in paragraph at lines 350--350
[]|\T1/lmr/bx/n/10 (a)| 
 []

<images//Results/3.5_boundariesBistability/maxReach0_0_HistogramPlot.pdf, id=1731, 722.7pt x 216.81pt>
File: images//Results/3.5_boundariesBistability/maxReach0_0_HistogramPlot.pdf Graphic file (type pdf)
<use images//Results/3.5_boundariesBistability/maxReach0_0_HistogramPlot.pdf>
Package pdftex.def Info: images//Results/3.5_boundariesBistability/maxReach0_0_HistogramPlot.pdf  used on input line 354.
(pdftex.def)             Requested size: 211.11382pt x 63.33313pt.

Overfull \hbox (11.797pt too wide) in paragraph at lines 360--360
[]|\T1/lmr/bx/n/10 (b)| 
 []

<images//Results/3.5_boundariesBistability/maxReach1_4_HistogramPlot.pdf, id=1732, 722.7pt x 216.81pt>
File: images//Results/3.5_boundariesBistability/maxReach1_4_HistogramPlot.pdf Graphic file (type pdf)
<use images//Results/3.5_boundariesBistability/maxReach1_4_HistogramPlot.pdf>
Package pdftex.def Info: images//Results/3.5_boundariesBistability/maxReach1_4_HistogramPlot.pdf  used on input line 363.
(pdftex.def)             Requested size: 211.11382pt x 63.33313pt.

Overfull \hbox (10.51897pt too wide) in paragraph at lines 368--368
[]|\T1/lmr/bx/n/10 (c)| 
 []

<images//Results/3.5_boundariesBistability/maxReach2_2_HistogramPlot.pdf, id=1733, 722.7pt x 216.81pt>
File: images//Results/3.5_boundariesBistability/maxReach2_2_HistogramPlot.pdf Graphic file (type pdf)
<use images//Results/3.5_boundariesBistability/maxReach2_2_HistogramPlot.pdf>
Package pdftex.def Info: images//Results/3.5_boundariesBistability/maxReach2_2_HistogramPlot.pdf  used on input line 372.
(pdftex.def)             Requested size: 211.11382pt x 63.33313pt.

Overfull \hbox (11.797pt too wide) in paragraph at lines 378--378
[]|\T1/lmr/bx/n/10 (d)| 
 []

<images//Results/3.5_boundariesBistability/maxReach3_3_HistogramPlot.pdf, id=1734, 722.7pt x 216.81pt>
File: images//Results/3.5_boundariesBistability/maxReach3_3_HistogramPlot.pdf Graphic file (type pdf)
<use images//Results/3.5_boundariesBistability/maxReach3_3_HistogramPlot.pdf>
Package pdftex.def Info: images//Results/3.5_boundariesBistability/maxReach3_3_HistogramPlot.pdf  used on input line 381.
(pdftex.def)             Requested size: 211.11382pt x 63.33313pt.

Overfull \hbox (10.67899pt too wide) in paragraph at lines 386--386
[]|\T1/lmr/bx/n/10 (e)| 
 []

<images//Results/3.5_boundariesBistability/maxReach4_3_HistogramPlot.pdf, id=1735, 722.7pt x 216.81pt>
File: images//Results/3.5_boundariesBistability/maxReach4_3_HistogramPlot.pdf Graphic file (type pdf)
<use images//Results/3.5_boundariesBistability/maxReach4_3_HistogramPlot.pdf>
Package pdftex.def Info: images//Results/3.5_boundariesBistability/maxReach4_3_HistogramPlot.pdf  used on input line 390.
(pdftex.def)             Requested size: 211.11382pt x 63.33313pt.

Overfull \hbox (9.24142pt too wide) in paragraph at lines 396--396
[]|\T1/lmr/bx/n/10 (f)| 
 []

<images//Results/3.5_boundariesBistability/maxReach5_4_HistogramPlot.pdf, id=1736, 722.7pt x 216.81pt>
File: images//Results/3.5_boundariesBistability/maxReach5_4_HistogramPlot.pdf Graphic file (type pdf)
<use images//Results/3.5_boundariesBistability/maxReach5_4_HistogramPlot.pdf>
Package pdftex.def Info: images//Results/3.5_boundariesBistability/maxReach5_4_HistogramPlot.pdf  used on input line 399.
(pdftex.def)             Requested size: 211.11382pt x 63.33313pt.

Overfull \hbox (11.15797pt too wide) in paragraph at lines 404--404
[]|\T1/lmr/bx/n/10 (g)| 
 []

<images//Results/3.5_boundariesBistability/maxReach6_4_HistogramPlot.pdf, id=1737, 722.7pt x 216.81pt>
File: images//Results/3.5_boundariesBistability/maxReach6_4_HistogramPlot.pdf Graphic file (type pdf)
<use images//Results/3.5_boundariesBistability/maxReach6_4_HistogramPlot.pdf>
Package pdftex.def Info: images//Results/3.5_boundariesBistability/maxReach6_4_HistogramPlot.pdf  used on input line 407.
(pdftex.def)             Requested size: 211.11382pt x 63.33313pt.
[31

 <./images//Results/3.5_boundariesBistability/maxReach0_0_HistogramPlot.pdf> <./images//Results/3.5_boundariesBistability/maxReach1_4_HistogramPlot.pdf

pdfTeX warning: pdflatex (file ./images//Results/3.5_boundariesBistability/maxReach1_4_HistogramPlot.pdf): PDF inclusion: multiple pdfs with page group included in a single page
> <./images//Results/3.5_boundariesBistability/maxReach2_2_HistogramPlot.pdf

pdfTeX warning: pdflatex (file ./images//Results/3.5_boundariesBistability/maxReach2_2_HistogramPlot.pdf): PDF inclusion: multiple pdfs with page group included in a single page
> <./images//Results/3.5_boundariesBistability/maxReach3_3_HistogramPlot.pdf

pdfTeX warning: pdflatex (file ./images//Results/3.5_boundariesBistability/maxReach3_3_HistogramPlot.pdf): PDF inclusion: multiple pdfs with page group included in a single page
> <./images//Results/3.5_boundariesBistability/maxReach4_3_HistogramPlot.pdf

pdfTeX warning: pdflatex (file ./images//Results/3.5_boundariesBistability/maxReach4_3_HistogramPlot.pdf): PDF inclusion: multiple pdfs with page group included in a single page
> <./images//Results/3.5_boundariesBistability/maxReach5_4_HistogramPlot.pdf

pdfTeX warning: pdflatex (file ./images//Results/3.5_boundariesBistability/maxReach5_4_HistogramPlot.pdf): PDF inclusion: multiple pdfs with page group included in a single page
> <./images//Results/3.5_boundariesBistability/maxReach6_4_HistogramPlot.pdf

pdfTeX warning: pdflatex (file ./images//Results/3.5_boundariesBistability/maxReach6_4_HistogramPlot.pdf): PDF inclusion: multiple pdfs with page group included in a single page
>]
<images//Results/3.6_Bivalency/TotalComplete_example.png, id=1752, 211.992pt x 160.1985pt>
File: images//Results/3.6_Bivalency/TotalComplete_example.png Graphic file (type png)
<use images//Results/3.6_Bivalency/TotalComplete_example.png>
Package pdftex.def Info: images//Results/3.6_Bivalency/TotalComplete_example.png  used on input line 430.
(pdftex.def)             Requested size: 415.41025pt x 313.95024pt.
<images//Results/3.6_Bivalency/BivalentComplete_example.png, id=1754, 198.7425pt x 146.949pt>
File: images//Results/3.6_Bivalency/BivalentComplete_example.png Graphic file (type png)
<use images//Results/3.6_Bivalency/BivalentComplete_example.png>
Package pdftex.def Info: images//Results/3.6_Bivalency/BivalentComplete_example.png  used on input line 437.
(pdftex.def)             Requested size: 415.41025pt x 307.18713pt.
<images//Results/3.6_Bivalency/BivalentBistability_example.png, id=1755, 341.1144pt x 259.2084pt>
File: images//Results/3.6_Bivalency/BivalentBistability_example.png Graphic file (type png)
<use images//Results/3.6_Bivalency/BivalentBistability_example.png>
Package pdftex.def Info: images//Results/3.6_Bivalency/BivalentBistability_example.png  used on input line 444.
(pdftex.def)             Requested size: 415.41025pt x 315.68004pt.
) [32 <./images//Results/3.6_Bivalency/TotalComplete_example.png>] [33 <./images//Results/3.6_Bivalency/BivalentComplete_example.png>] [34 <./images//Results/3.6_Bivalency/BivalentBistability_example.png>]
\openout2 = `chapters/4discussion.aux'.

 (chapters/4discussion.tex
Chapter 4.
) [35




]
\openout2 = `chapters/5outlook.aux'.

 (chapters/5outlook.tex
Chapter 5.
LaTeX Font Info:    Font shape `T1/lmss/m/it' in size <14.4> not available
(Font)              Font shape `T1/lmss/m/sl' tried instead on input line 7.
<images//Results/outlook/StrongExtenders_cyclic_1_runHistoryPlot.pdf, id=1780, 462.52798pt x 346.89601pt>
File: images//Results/outlook/StrongExtenders_cyclic_1_runHistoryPlot.pdf Graphic file (type pdf)
<use images//Results/outlook/StrongExtenders_cyclic_1_runHistoryPlot.pdf>
Package pdftex.def Info: images//Results/outlook/StrongExtenders_cyclic_1_runHistoryPlot.pdf  used on input line 18.
(pdftex.def)             Requested size: 415.41025pt x 311.57362pt.

LaTeX Warning: Reference `table:outlook_nonCoop' on page 36 undefined on input line 25.

[36




]) [37 <./images//Results/outlook/StrongExtenders_cyclic_1_runHistoryPlot.pdf>]
\openout2 = `back/appendix_a.aux'.

 (back/appendix_a.tex
Appendix A.
<images//enzymes/table.pdf, id=1830, 1603.9925pt x 983.675pt>
File: images//enzymes/table.pdf Graphic file (type pdf)
<use images//enzymes/table.pdf>
Package pdftex.def Info: images//enzymes/table.pdf  used on input line 8.
(pdftex.def)             Requested size: 415.41025pt x 254.75883pt.
[38




 <./images//enzymes/table.pdf>]) [39]
\openout2 = `back/appendix_b.aux'.

 (back/appendix_b.tex
Appendix B.
<images//appendix_b/31_longRun_nonCyclic_highDiss_0_runHistoryPlot.pdf, id=2075, 462.52798pt x 346.89601pt>
File: images//appendix_b/31_longRun_nonCyclic_highDiss_0_runHistoryPlot.pdf Graphic file (type pdf)
<use images//appendix_b/31_longRun_nonCyclic_highDiss_0_runHistoryPlot.pdf>
Package pdftex.def Info: images//appendix_b/31_longRun_nonCyclic_highDiss_0_runHistoryPlot.pdf  used on input line 7.
(pdftex.def)             Requested size: 203.5533pt x 152.66647pt.
<images//appendix_b/31_longRun_nonCyclic_highDiss_1_runHistoryPlot.pdf, id=2076, 462.52798pt x 346.89601pt>
File: images//appendix_b/31_longRun_nonCyclic_highDiss_1_runHistoryPlot.pdf Graphic file (type pdf)
<use images//appendix_b/31_longRun_nonCyclic_highDiss_1_runHistoryPlot.pdf>
Package pdftex.def Info: images//appendix_b/31_longRun_nonCyclic_highDiss_1_runHistoryPlot.pdf  used on input line 8.
(pdftex.def)             Requested size: 203.5533pt x 152.66647pt.
<images//appendix_b/31_longRun_nonCyclic_highDiss_2_runHistoryPlot.pdf, id=2077, 462.52798pt x 346.89601pt>
File: images//appendix_b/31_longRun_nonCyclic_highDiss_2_runHistoryPlot.pdf Graphic file (type pdf)
<use images//appendix_b/31_longRun_nonCyclic_highDiss_2_runHistoryPlot.pdf>
Package pdftex.def Info: images//appendix_b/31_longRun_nonCyclic_highDiss_2_runHistoryPlot.pdf  used on input line 9.
(pdftex.def)             Requested size: 203.5533pt x 152.66647pt.
<images//appendix_b/31_longRun_nonCyclic_highDiss_3_runHistoryPlot.pdf, id=2078, 462.52798pt x 346.89601pt>
File: images//appendix_b/31_longRun_nonCyclic_highDiss_3_runHistoryPlot.pdf Graphic file (type pdf)
<use images//appendix_b/31_longRun_nonCyclic_highDiss_3_runHistoryPlot.pdf>
Package pdftex.def Info: images//appendix_b/31_longRun_nonCyclic_highDiss_3_runHistoryPlot.pdf  used on input line 10.
(pdftex.def)             Requested size: 203.5533pt x 152.66647pt.

Underfull \hbox (badness 1655) in paragraph at lines 7--12
[][] []
 []

[40




 <./images//appendix_b/31_longRun_nonCyclic_highDiss_0_runHistoryPlot.pdf> <./images//appendix_b/31_longRun_nonCyclic_highDiss_1_runHistoryPlot.pdf

pdfTeX warning: pdflatex (file ./images//appendix_b/31_longRun_nonCyclic_highDiss_1_runHistoryPlot.pdf): PDF inclusion: multiple pdfs with page group included in a single page
> <./images//appendix_b/31_longRun_nonCyclic_highDiss_2_runHistoryPlot.pdf

pdfTeX warning: pdflatex (file ./images//appendix_b/31_longRun_nonCyclic_highDiss_2_runHistoryPlot.pdf): PDF inclusion: multiple pdfs with page group included in a single page
> <./images//appendix_b/31_longRun_nonCyclic_highDiss_3_runHistoryPlot.pdf

pdfTeX warning: pdflatex (file ./images//appendix_b/31_longRun_nonCyclic_highDiss_3_runHistoryPlot.pdf): PDF inclusion: multiple pdfs with page group included in a single page
>]
<images//appendix_b/32_longRun_nonCyclic_highDiss_wCoopRem_0_runHistoryPlot.pdf, id=2210, 462.52798pt x 346.89601pt>
File: images//appendix_b/32_longRun_nonCyclic_highDiss_wCoopRem_0_runHistoryPlot.pdf Graphic file (type pdf)
<use images//appendix_b/32_longRun_nonCyclic_highDiss_wCoopRem_0_runHistoryPlot.pdf>
Package pdftex.def Info: images//appendix_b/32_longRun_nonCyclic_highDiss_wCoopRem_0_runHistoryPlot.pdf  used on input line 19.
(pdftex.def)             Requested size: 203.5533pt x 152.66647pt.
<images//appendix_b/32_longRun_nonCyclic_highDiss_wCoopRem_1_runHistoryPlot.pdf, id=2211, 462.52798pt x 346.89601pt>
File: images//appendix_b/32_longRun_nonCyclic_highDiss_wCoopRem_1_runHistoryPlot.pdf Graphic file (type pdf)
<use images//appendix_b/32_longRun_nonCyclic_highDiss_wCoopRem_1_runHistoryPlot.pdf>
Package pdftex.def Info: images//appendix_b/32_longRun_nonCyclic_highDiss_wCoopRem_1_runHistoryPlot.pdf  used on input line 20.
(pdftex.def)             Requested size: 203.5533pt x 152.66647pt.
<images//appendix_b/32_longRun_nonCyclic_highDiss_wCoopRem_2_runHistoryPlot.pdf, id=2212, 462.52798pt x 346.89601pt>
File: images//appendix_b/32_longRun_nonCyclic_highDiss_wCoopRem_2_runHistoryPlot.pdf Graphic file (type pdf)
<use images//appendix_b/32_longRun_nonCyclic_highDiss_wCoopRem_2_runHistoryPlot.pdf>
Package pdftex.def Info: images//appendix_b/32_longRun_nonCyclic_highDiss_wCoopRem_2_runHistoryPlot.pdf  used on input line 21.
(pdftex.def)             Requested size: 203.5533pt x 152.66647pt.
<images//appendix_b/32_longRun_nonCyclic_highDiss_wCoopRem_3_runHistoryPlot.pdf, id=2213, 462.52798pt x 346.89601pt>
File: images//appendix_b/32_longRun_nonCyclic_highDiss_wCoopRem_3_runHistoryPlot.pdf Graphic file (type pdf)
<use images//appendix_b/32_longRun_nonCyclic_highDiss_wCoopRem_3_runHistoryPlot.pdf>
Package pdftex.def Info: images//appendix_b/32_longRun_nonCyclic_highDiss_wCoopRem_3_runHistoryPlot.pdf  used on input line 22.
(pdftex.def)             Requested size: 203.5533pt x 152.66647pt.

Underfull \hbox (badness 1655) in paragraph at lines 19--24
[][] []
 []

) [41 <./images//appendix_b/32_longRun_nonCyclic_highDiss_wCoopRem_0_runHistoryPlot.pdf> <./images//appendix_b/32_longRun_nonCyclic_highDiss_wCoopRem_1_runHistoryPlot.pdf

pdfTeX warning: pdflatex (file ./images//appendix_b/32_longRun_nonCyclic_highDiss_wCoopRem_1_runHistoryPlot.pdf): PDF inclusion: multiple pdfs with page group included in a single page
> <./images//appendix_b/32_longRun_nonCyclic_highDiss_wCoopRem_2_runHistoryPlot.pdf

pdfTeX warning: pdflatex (file ./images//appendix_b/32_longRun_nonCyclic_highDiss_wCoopRem_2_runHistoryPlot.pdf): PDF inclusion: multiple pdfs with page group included in a single page
> <./images//appendix_b/32_longRun_nonCyclic_highDiss_wCoopRem_3_runHistoryPlot.pdf

pdfTeX warning: pdflatex (file ./images//appendix_b/32_longRun_nonCyclic_highDiss_wCoopRem_3_runHistoryPlot.pdf): PDF inclusion: multiple pdfs with page group included in a single page
>] [42



] [43] [44]
\openout2 = `back/printbox.aux'.

 (back/printbox.tex) [45


] (main.aux (chapters/1theoreticalBackground.aux) (chapters/2methods.aux) (chapters/3results.aux) (chapters/4discussion.aux) (chapters/5outlook.aux) (back/appendix_a.aux) (back/appendix_b.aux) (back/printbox.aux))
Package rerunfilecheck Info: File `main.out' has not changed.
(rerunfilecheck)             Checksum: 6BE51685CD2A99DED6C5A3F24A343713;8417.


LaTeX Warning: There were undefined references.

Package logreq Info: Writing requests to 'main.run.xml'.
\openout1 = `main.run.xml'.

 ) 
Here is how much of TeX's memory you used:
 42959 strings out of 479663
 815007 string characters out of 2873806
 1686501 words of memory out of 3000000
 58922 multiletter control sequences out of 15000+200000
 492732 words of font info for 89 fonts, out of 3000000 for 9000
 1146 hyphenation exceptions out of 8191
 122i,15n,141p,1801b,2319s stack positions out of 5000i,500n,10000p,200000b,50000s
{C:/Program Files/MiKTeX 2.9/fonts/enc/dvips/lm/lm-rm.enc}{C:/Program Files/MiKTeX 2.9/fonts/enc/dvips/lm/lm-ec.enc}{C:/Program Files/MiKTeX 2.9/fonts/enc/dvips/lm/lm-mathit.enc}{C:/Program Files/MiKTeX 2.9/fonts/enc/dvips/lm/lm-mathsy.enc}{C:/Program Files/MiKTeX 2.9/fonts/enc/dvips/lm/lm-ts1.enc}<C:/Program Files/MiKTeX 2.9/fonts/type1/public/amsfonts/cm/cmex10.pfb><C:/Program Files/MiKTeX 2.9/fonts/type1/public/lm/lmbx10.pfb><C:/Program Files/MiKTeX 2.9/fonts/type1/public/lm/lmcsc10.pfb><C:/Program Files/MiKTeX 2.9/fonts/type1/public/lm/lmmi10.pfb><C:/Program Files/MiKTeX 2.9/fonts/type1/public/lm/lmmi7.pfb><C:/Program Files/MiKTeX 2.9/fonts/type1/public/lm/lmmi8.pfb><C:/Program Files/MiKTeX 2.9/fonts/type1/public/lm/lmr10.pfb><C:/Program Files/MiKTeX 2.9/fonts/type1/public/lm/lmr12.pfb><C:/Program Files/MiKTeX 2.9/fonts/type1/public/lm/lmr17.pfb><C:/Program Files/MiKTeX 2.9/fonts/type1/public/lm/lmr5.pfb><C:/Program Files/MiKTeX 2.9/fonts/type1/public/lm/lmr6.pfb><C:/Program Files/MiKTeX 2.9/fonts/type1/public/lm/lmr8.pfb><C:/Program Files/MiKTeX 2.9/fonts/type1/public/lm/lmr9.pfb><C:/Program Files/MiKTeX 2.9/fonts/type1/public/lm/lmri10.pfb><C:/Program Files/MiKTeX 2.9/fonts/type1/public/lm/lmss10.pfb><C:/Program Files/MiKTeX 2.9/fonts/type1/public/lm/lmss12.pfb><C:/Program Files/MiKTeX 2.9/fonts/type1/public/lm/lmssbx10.pfb><C:/Program Files/MiKTeX 2.9/fonts/type1/public/lm/lmsso12.pfb><C:/Program Files/MiKTeX 2.9/fonts/type1/public/lm/lmsy10.pfb><C:/Program Files/MiKTeX 2.9/fonts/type1/public/lm/lmsy8.pfb>
Output written on main.pdf (51 pages, 11781908 bytes).
PDF statistics:
 2523 PDF objects out of 2984 (max. 8388607)
 170 named destinations out of 1000 (max. 500000)
 685 words of extra memory for PDF output out of 10000 (max. 10000000)

